Vivado Simulator 2019.2
Copyright 1986-1999, 2001-2019 Xilinx, Inc. All Rights Reserved.
Running: C:/Xilinx/Vivado/2019.2/bin/unwrapped/win64.o/xelab.exe -wto 40a050ada68b47029dc7ad56f06efa20 --incr --debug typical --relax --mt 2 -L xil_defaultlib -L secureip --snapshot FloatAdder_TB_behav xil_defaultlib.FloatAdder_TB -log elaborate.log 
Using 2 slave threads.
Starting static elaboration
Completed static elaboration
Starting simulation data flow analysis
Completed simulation data flow analysis
Time Resolution for simulation is 1ps
Compiling package std.standard
Compiling package std.textio
Compiling package ieee.std_logic_1164
Compiling package ieee.numeric_std
Compiling package ieee.math_real
Compiling package ieee.std_logic_arith
Compiling package ieee.std_logic_unsigned
Compiling architecture behavioral of entity xil_defaultlib.registro [registro_default]
Compiling architecture dataflow of entity xil_defaultlib.full_adder [full_adder_default]
Compiling architecture structural of entity xil_defaultlib.ripple_carry_adder [\ripple_carry_adder(n=9)\]
Compiling architecture structural of entity xil_defaultlib.abs_value [\abs_value(n=9)\]
Compiling architecture behavioral of entity xil_defaultlib.registro [\registro(n=8)\]
Compiling architecture dataflow of entity xil_defaultlib.mux [\mux(n=8)\]
Compiling architecture structural of entity xil_defaultlib.ripple_carry_adder [ripple_carry_adder_default]
Compiling architecture dataflow of entity xil_defaultlib.mux [\mux(n=24)\]
Compiling architecture behavioral of entity xil_defaultlib.shift_register [\shift_register(n=25)\]
Compiling architecture behavioral of entity xil_defaultlib.registro [\registro(n=25)\]
Compiling architecture structural of entity xil_defaultlib.ripple_carry_adder [\ripple_carry_adder(n=25)\]
Compiling architecture structural of entity xil_defaultlib.converter [\converter(n=25)\]
Compiling architecture structural of entity xil_defaultlib.ripple_carry_adder [\ripple_carry_adder(n=26)\]
Compiling architecture structural of entity xil_defaultlib.abs_value [\abs_value(n=26)\]
Compiling architecture structural of entity xil_defaultlib.UnitaOperativa [unitaoperativa_default]
Compiling architecture behavioral of entity xil_defaultlib.ControlUnit [controlunit_default]
Compiling architecture structural of entity xil_defaultlib.FloatAdder [floatadder_default]
Compiling architecture behavioral of entity xil_defaultlib.floatadder_tb
Built simulation snapshot FloatAdder_TB_behav
