#
# A fatal error has been detected by the Java Runtime Environment:
#
#  EXCEPTION_ACCESS_VIOLATION (0xc0000005) at pc=0x00007ffe3f0c8a56, pid=17252, tid=2636
#
# JRE version: Java(TM) SE Runtime Environment (9.0+11) (build 9.0.4+11)
# Java VM: Java HotSpot(TM) 64-Bit Server VM (9.0.4+11, mixed mode, tiered, compressed oops, g1 gc, windows-amd64)
# Problematic frame:
# C  [librdi_filemgmt.dll+0x258a56]
#
# No core dump will be written. Minidumps are not enabled by default on client versions of Windows
#
# If you would like to submit a bug report, please visit:
#   http://bugreport.java.com/bugreport/crash.jsp
# The crash happened outside the Java Virtual Machine in native code.
# See problematic frame for where to report the bug.
#

---------------  S U M M A R Y ------------

Command Line: -Dsun.java2d.pmoffscreen=false -Dsun.java2d.xrender=false -Dsun.java2d.d3d=false -Dsun.awt.nopixfmt=true -Dsun.java2d.dpiaware=true -Dsun.java2d.uiScale.enabled=false -Xverify:none -Dswing.aatext=true -XX:-UsePerfData -Djdk.map.althashing.threshold=512 -XX:StringTableSize=4072 --add-opens=java.base/java.nio=ALL-UNNAMED --add-opens=java.desktop/sun.swing=ALL-UNNAMED --add-opens=java.desktop/javax.swing=ALL-UNNAMED --add-opens=java.desktop/javax.swing.tree=ALL-UNNAMED --add-opens=java.desktop/javax.swing.plaf.basic=ALL-UNNAMED --add-opens=java.desktop/javax.swing.plaf.synth=ALL-UNNAMED --add-opens=java.desktop/com.sun.awt=ALL-UNNAMED -XX:NewSize=60m -XX:MaxNewSize=60m -Xms128m -Xmx3072m -Xss5m 

Host: Intel(R) Core(TM) i5-8250U CPU @ 1.60GHz, 8 cores, 7G,  Windows 10 , 64 bit Build 22000 (10.0.22000.318)
Time: Tue Dec 14 21:10:12 2021 ora solare Europa occidentale elapsed time: 3364 seconds (0d 0h 56m 4s)

---------------  T H R E A D  ---------------

Current thread (0x0000027e27b6b000):  JavaThread "AWT-EventQueue-1" [_thread_in_native, id=2636, stack(0x00000087e4300000,0x00000087e4800000)]

Stack: [0x00000087e4300000,0x00000087e4800000],  sp=0x00000087e47fcd30,  free space=5107k
Native frames: (J=compiled Java code, j=interpreted, Vv=VM code, C=native code)
C  [librdi_filemgmt.dll+0x258a56]
C  [librdi_filemgmt.dll+0x257122]
C  [librdi_filemgmt.dll+0x26c6d8]
C  0x0000027e403337d2

Java frames: (J=compiled Java code, j=interpreted, Vv=VM code)
J 17276  ui.data.srcscan.srcscani.EditorAssist_createFoldInfoIter(JLjava/lang/String;)J (0 bytes) @ 0x0000027e40333735 [0x0000027e403336e0+0x0000000000000055]
J 18100 c1 ui.data.m.a.c.a(Ljava/net/URI;)V (186 bytes) @ 0x0000027e3958ae1c [0x0000027e3958a280+0x0000000000000b9c]
J 19377 c1 ui.views.V.a.ab.agK(Ljava/lang/String;)V (39 bytes) @ 0x0000027e397bfbac [0x0000027e397bef80+0x0000000000000c2c]
J 19380 c1 ui.views.V.a.ab.hdH()V (47 bytes) @ 0x0000027e3968e17c [0x0000027e3968d9c0+0x00000000000007bc]
J 17733 c1 ui.views.V.a.al.finished()V (81 bytes) @ 0x0000027e3999a2dc [0x0000027e3999a100+0x00000000000001dc]
J 15926 c1 ui.frmwork.z.run()V (15 bytes) @ 0x0000027e3824e14c [0x0000027e3824dfe0+0x000000000000016c]
J 12889 c2 java.awt.EventQueue$3.run()Ljava/lang/Object; java.desktop@9.0.4 (5 bytes) @ 0x0000027e3fe13ecc [0x0000027e3fe13980+0x000000000000054c]
v  ~StubRoutines::call_stub
J 4359  java.security.AccessController.doPrivileged(Ljava/security/PrivilegedAction;Ljava/security/AccessControlContext;)Ljava/lang/Object; java.base@9.0.4 (0 bytes) @ 0x0000027e3f63b746 [0x0000027e3f63b6e0+0x0000000000000066]
J 12883 c2 ui.frmwork.b.d.dispatchEvent(Ljava/awt/AWTEvent;)V (34 bytes) @ 0x0000027e3fe07400 [0x0000027e3fe06e00+0x0000000000000600]
J 21548 c1 java.awt.EventDispatchThread.pumpOneEventForFilters(I)V java.desktop@9.0.4 (218 bytes) @ 0x0000027e3a11d614 [0x0000027e3a11c240+0x00000000000013d4]
J 17287% c2 java.awt.EventDispatchThread.pumpEventsForFilter(ILjava/awt/Conditional;Ljava/awt/EventFilter;)V java.desktop@9.0.4 (47 bytes) @ 0x0000027e40337ec0 [0x0000027e40337dc0+0x0000000000000100]
j  java.awt.EventDispatchThread.pumpEventsForHierarchy(ILjava/awt/Conditional;Ljava/awt/Component;)V+11 java.desktop@9.0.4
j  java.awt.EventDispatchThread.pumpEvents(ILjava/awt/Conditional;)V+4 java.desktop@9.0.4
j  java.awt.EventDispatchThread.pumpEvents(Ljava/awt/Conditional;)V+3 java.desktop@9.0.4
j  java.awt.EventDispatchThread.run()V+9 java.desktop@9.0.4
v  ~StubRoutines::call_stub

siginfo: EXCEPTION_ACCESS_VIOLATION (0xc0000005), reading address 0xffffffffffffffff


Register to memory mapping:

RIP=0x00007ffe3f0c8a56 librdi_filemgmt.dll
RAX=0x000000000000000f is an unknown value
RBX=0x0000027e4cf99310 is an unknown value
RCX=0x00000087e47fcd78 is pointing into the stack for thread: 0x0000027e27b6b000
RDX=0x002f0031005f006d is an unknown value
RSP=0x00000087e47fcd30 is pointing into the stack for thread: 0x0000027e27b6b000
RBP=0x00000087e47fce90 is pointing into the stack for thread: 0x0000027e27b6b000
RSI=0x0000000000000000 is an unknown value
RDI=0x0000027e4d180440 is an unknown value
R8 =0x0000027e2086b700 is an unknown value
R9 =0x0000000000000001 is an unknown value
R10=0x0000027e20860000 is an unknown value
R11=0x00000087e47fac60 is pointing into the stack for thread: 0x0000027e27b6b000
R12=0x0000027e5b4e2bf0 is an unknown value
R13=0x0000000000000000 is an unknown value
R14=0x0000000000000000 is an unknown value
R15=0x00000087e47fcf68 is pointing into the stack for thread: 0x0000027e27b6b000


Registers:
RAX=0x000000000000000f, RBX=0x0000027e4cf99310, RCX=0x00000087e47fcd78, RDX=0x002f0031005f006d
RSP=0x00000087e47fcd30, RBP=0x00000087e47fce90, RSI=0x0000000000000000, RDI=0x0000027e4d180440
R8 =0x0000027e2086b700, R9 =0x0000000000000001, R10=0x0000027e20860000, R11=0x00000087e47fac60
R12=0x0000027e5b4e2bf0, R13=0x0000000000000000, R14=0x0000000000000000, R15=0x00000087e47fcf68
RIP=0x00007ffe3f0c8a56, EFLAGS=0x0000000000010287

Top of Stack: (sp=0x00000087e47fcd30)
0x00000087e47fcd30:   0000027e4cf99308 0000000000000000
0x00000087e47fcd40:   0000027e4cf99308 0000000000000077
0x00000087e47fcd50:   fffffffffffffffe 00007ffea0dfa300
0x00000087e47fcd60:   0000027e5e298260 0000000000000000
0x00000087e47fcd70:   000000000000000f 00007ffea0dfa300
0x00000087e47fcd80:   00000087e47fcfa0 0000000000000000
0x00000087e47fcd90:   000000000000000f 0000399f6424eca0
0x00000087e47fcda0:   0000000000000077 0000027e5b4e2bf0
0x00000087e47fcdb0:   00000087e47fce90 00007ffe3f0c7122
0x00000087e47fcdc0:   00002a7aad2e6e5a 0000000000000000
0x00000087e47fcdd0:   0000000000000077 0000027e4d180440
0x00000087e47fcde0:   0000000000000077 0000027e27b6b218
0x00000087e47fcdf0:   0000027e27b6b218 0000027e5e298260
0x00000087e47fce00:   00000087e47fcfa0 00007ffe3f0dc6d8
0x00000087e47fce10:   0000000000000077 0000000000000077
0x00000087e47fce20:   0000027e5e298260 000000015e297010 

Instructions: (pc=0x00007ffe3f0c8a56)
0x00007ffe3f0c8a36:   66 66 0f 1f 84 00 00 00 00 00 48 8b 13 48 c7 44
0x00007ffe3f0c8a46:   24 40 0f 00 00 00 4c 89 74 24 38 c6 44 24 28 00
0x00007ffe3f0c8a56:   80 3a 00 75 05 4d 8b c6 eb 0e 49 83 c8 ff 49 ff
0x00007ffe3f0c8a66:   c0 42 80 3c 02 00 75 f6 48 8d 4c 24 28 e8 48 dc 



---------------  P R O C E S S  ---------------

Java Threads: ( => current thread )
  0x0000027e4d28a800 JavaThread "Code Inspector Thread" [_thread_in_native, id=17376, stack(0x00000087eb100000,0x00000087eb600000)]
  0x0000027e4d281000 JavaThread "Code Inspector Thread" [_thread_in_native, id=18472, stack(0x00000087e9d00000,0x00000087ea200000)]
  0x0000027e4d27d000 JavaThread "Image Animator 0" daemon [_thread_blocked, id=1540, stack(0x00000087e7f00000,0x00000087e8400000)]
  0x0000027e4d287800 JavaThread "Monitor File Timestamp Swing Worker Thread" [_thread_blocked, id=12200, stack(0x00000087e9800000,0x00000087e9d00000)]
  0x0000027e4d282800 JavaThread "Timer-4" [_thread_blocked, id=10608, stack(0x00000087e9300000,0x00000087e9800000)]
  0x0000027e4d283000 JavaThread "Swing-Shell" daemon [_thread_blocked, id=11344, stack(0x00000087e7000000,0x00000087e7500000)]
  0x0000027e4d287000 JavaThread "ForkJoinPool.commonPool-worker-9" daemon [_thread_blocked, id=17564, stack(0x00000087e8e00000,0x00000087e9300000)]
  0x0000027e4d286000 JavaThread "Image Animator 0" daemon [_thread_blocked, id=12648, stack(0x00000087e8900000,0x00000087e8e00000)]
  0x0000027e4d284800 JavaThread "SyntheticaAnimation 50" daemon [_thread_blocked, id=17308, stack(0x00000087e6100000,0x00000087e6600000)]
  0x0000027e4d280000 JavaThread "Update Runs Swing Worker Thread" [_thread_blocked, id=14260, stack(0x00000087e7a00000,0x00000087e7f00000)]
  0x0000027e4d281800 JavaThread "hw_ila_monitor" [_thread_blocked, id=17312, stack(0x00000087e6b00000,0x00000087e7000000)]
  0x0000027e28383000 JavaThread "Refresh Filesets Swing Worker Thread" [_thread_blocked, id=18232, stack(0x00000087e4800000,0x00000087e4d00000)]
  0x0000027e28386000 JavaThread "SyntheticaAnimation 70" daemon [_thread_blocked, id=15584, stack(0x00000087e6600000,0x00000087e6b00000)]
  0x0000027e28385800 JavaThread "SyntheticaAnimation 25" daemon [_thread_blocked, id=15748, stack(0x00000087e5c00000,0x00000087e6100000)]
  0x0000027e28384800 JavaThread "SyntheticaAnimation 50" daemon [_thread_blocked, id=14088, stack(0x00000087e5700000,0x00000087e5c00000)]
  0x0000027e28384000 JavaThread "Monitor HEventQueue Thread" [_thread_blocked, id=12516, stack(0x00000087e5200000,0x00000087e5700000)]
  0x0000027e28381800 JavaThread "SyntheticaCleanerThread" daemon [_thread_blocked, id=9388, stack(0x00000087e4d00000,0x00000087e5200000)]
  0x0000027e28380000 JavaThread "Batik CleanerThread" daemon [_thread_blocked, id=18160, stack(0x00000087e3400000,0x00000087e3900000)]
=>0x0000027e27b6b000 JavaThread "AWT-EventQueue-1" [_thread_in_native, id=2636, stack(0x00000087e4300000,0x00000087e4800000)]
  0x0000027e4d125800 JavaThread "AWT-Shutdown" [_thread_blocked, id=17708, stack(0x00000087e3e00000,0x00000087e4300000)]
  0x0000027e4ed47000 JavaThread "Process Messages Thread" [_thread_blocked, id=16948, stack(0x00000087e3900000,0x00000087e3e00000)]
  0x0000027e4d8a1800 JavaThread "Thread-1" [_thread_in_native, id=11956, stack(0x00000087dcc00000,0x00000087de000000)]
  0x0000027e27078800 JavaThread "TimerQueue" daemon [_thread_blocked, id=9528, stack(0x00000087e2500000,0x00000087e2a00000)]
  0x0000027e2710c800 JavaThread "AWT-Windows" daemon [_thread_in_native, id=644, stack(0x00000087e2a00000,0x00000087e2f00000)]
  0x0000027e27ae4800 JavaThread "Java2D Disposer" daemon [_thread_blocked, id=14028, stack(0x00000087e2000000,0x00000087e2500000)]
  0x0000027e273a0000 JavaThread "Service Thread" daemon [_thread_blocked, id=18332, stack(0x00000087e1a00000,0x00000087e1f00000)]
  0x0000027e305f4800 JavaThread "Common-Cleaner" daemon [_thread_blocked, id=5648, stack(0x00000087e1500000,0x00000087e1a00000)]
  0x0000027e28381000 JavaThread "Sweeper thread" daemon [_thread_blocked, id=12816, stack(0x00000087e1000000,0x00000087e1500000)]
  0x0000027e30a84000 JavaThread "C1 CompilerThread3" daemon [_thread_blocked, id=8840, stack(0x00000087e0f00000,0x00000087e1000000)]
  0x0000027e30a83800 JavaThread "C2 CompilerThread2" daemon [_thread_blocked, id=17124, stack(0x00000087e0e00000,0x00000087e0f00000)]
  0x0000027e2ffe8800 JavaThread "C2 CompilerThread1" daemon [_thread_blocked, id=18052, stack(0x00000087e0d00000,0x00000087e0e00000)]
  0x0000027e29c5e800 JavaThread "C2 CompilerThread0" daemon [_thread_blocked, id=836, stack(0x00000087e0c00000,0x00000087e0d00000)]
  0x0000027e2a4de000 JavaThread "Attach Listener" daemon [_thread_blocked, id=3424, stack(0x00000087e0700000,0x00000087e0c00000)]
  0x0000027e25cd1800 JavaThread "Signal Dispatcher" daemon [_thread_blocked, id=19164, stack(0x00000087e0200000,0x00000087e0700000)]
  0x0000027e30a1d800 JavaThread "Finalizer" daemon [_thread_blocked, id=7252, stack(0x00000087dfd00000,0x00000087e0200000)]
  0x0000027e28268800 JavaThread "Reference Handler" daemon [_thread_blocked, id=12748, stack(0x00000087df800000,0x00000087dfd00000)]
  0x0000027e237c7800 JavaThread "main" [_thread_blocked, id=16308, stack(0x00000087de200000,0x00000087de300000)]

Other Threads:
  0x0000027e306b9000 VMThread "VM Thread" [stack: 0x00000087df700000,0x00000087df800000] [id=15808]
  0x0000027e27142800 WatcherThread [stack: 0x00000087e1f00000,0x00000087e2000000] [id=7592]
  0x0000027e25e96000 GCTaskThread "GC Thread#0" [stack: 0x00000087de300000,0x00000087de400000] [id=11196]
  0x0000027e26366000 GCTaskThread "GC Thread#1" [stack: 0x00000087de400000,0x00000087de500000] [id=5484]
  0x0000027e26365800 GCTaskThread "GC Thread#2" [stack: 0x00000087de500000,0x00000087de600000] [id=15712]
  0x0000027e26368000 GCTaskThread "GC Thread#3" [stack: 0x00000087de600000,0x00000087de700000] [id=5580]
  0x0000027e26366800 GCTaskThread "GC Thread#4" [stack: 0x00000087de700000,0x00000087de800000] [id=18852]
  0x0000027e26367000 GCTaskThread "GC Thread#5" [stack: 0x00000087de800000,0x00000087de900000] [id=14556]
  0x0000027e26368800 GCTaskThread "GC Thread#6" [stack: 0x00000087de900000,0x00000087dea00000] [id=18584]
  0x0000027e30d86800 GCTaskThread "GC Thread#7" [stack: 0x00000087dea00000,0x00000087deb00000] [id=18260]
  0x0000027e30da5000 ConcurrentGCThread "G1 Main Marker" [stack: 0x00000087df400000,0x00000087df500000] [id=14908]
  0x0000027e30d81800 ConcurrentGCThread "G1 Marker#0" [stack: 0x00000087df500000,0x00000087df600000] [id=14412]
  0x0000027e30d85000 ConcurrentGCThread "G1 Marker#1" [stack: 0x00000087df600000,0x00000087df700000] [id=16396]
  0x0000027e30d93000 ConcurrentGCThread "G1 Refine#0" [stack: 0x00000087df200000,0x00000087df300000] [id=17024]
  0x0000027e30d95800 ConcurrentGCThread "G1 Refine#1" [stack: 0x00000087df100000,0x00000087df200000] [id=10364]
  0x0000027e30d92000 ConcurrentGCThread "G1 Refine#2" [stack: 0x00000087df000000,0x00000087df100000] [id=17748]
  0x0000027e30d91800 ConcurrentGCThread "G1 Refine#3" [stack: 0x00000087def00000,0x00000087df000000] [id=10356]
  0x0000027e30d94800 ConcurrentGCThread "G1 Refine#4" [stack: 0x00000087dee00000,0x00000087def00000] [id=12088]
  0x0000027e306a0800 ConcurrentGCThread "G1 Refine#5" [stack: 0x00000087ded00000,0x00000087dee00000] [id=9976]
  0x0000027e2823d000 ConcurrentGCThread "G1 Refine#6" [stack: 0x00000087dec00000,0x00000087ded00000] [id=15448]
  0x0000027e261f9000 ConcurrentGCThread "G1 Refine#7" [stack: 0x00000087deb00000,0x00000087dec00000] [id=17112]
  0x0000027e28116800 ConcurrentGCThread "G1 Young RemSet Sampling" [stack: 0x00000087df300000,0x00000087df400000] [id=11980]

Threads with active compile tasks:

VM state:not at safepoint (normal execution)

VM Mutex/Monitor currently owned by a thread: None

Heap address: 0x0000000700000000, size: 3072 MB, Compressed Oops mode: Zero based, Oop shift amount: 3
Narrow klass base: 0x0000000000000000, Narrow klass shift: 3
Compressed class space size: 1073741824 Address: 0x00000007c0000000

Heap:
 garbage-first heap   total 153600K, used 116584K [0x0000000700000000, 0x00000007001004b0, 0x00000007c0000000)
  region size 1024K, 37 young (37888K), 3 survivors (3072K)
 Metaspace       used 83194K, capacity 85839K, committed 91312K, reserved 1126400K
  class space    used 11776K, capacity 12284K, committed 13488K, reserved 1048576K
Heap Regions: E=young(eden), S=young(survivor), O=old, HS=humongous(starts), HC=humongous(continues), CS=collection set, F=free, A=archive, TS=gc time stamp, AC=allocation context, TAMS=top-at-mark-start (previous, next)
|   0|0x0000000700000000, 0x00000007000ff1a8, 0x0000000700100000| 99%| O|  |TS  0|AC  0|TAMS 0x00000007000ff1a8, 0x00000007000ff1a8|
|   1|0x0000000700100000, 0x00000007001fc2b0, 0x0000000700200000| 98%| O|  |TS  0|AC  0|TAMS 0x00000007001fc2b0, 0x00000007001fc2b0|
|   2|0x0000000700200000, 0x00000007002f6f80, 0x0000000700300000| 96%| O|  |TS  0|AC  0|TAMS 0x00000007002f6f80, 0x00000007002f6f80|
|   3|0x0000000700300000, 0x00000007003f8370, 0x0000000700400000| 96%| O|  |TS  0|AC  0|TAMS 0x00000007003f8370, 0x00000007003f8370|
|   4|0x0000000700400000, 0x0000000700500000, 0x0000000700500000|100%|HS|  |TS  0|AC  0|TAMS 0x0000000700500000, 0x0000000700500000|
|   5|0x0000000700500000, 0x0000000700600000, 0x0000000700600000|100%|HC|  |TS  0|AC  0|TAMS 0x0000000700600000, 0x0000000700600000|
|   6|0x0000000700600000, 0x0000000700700000, 0x0000000700700000|100%|HS|  |TS  0|AC  0|TAMS 0x0000000700700000, 0x0000000700700000|
|   7|0x0000000700700000, 0x00000007007c6c20, 0x0000000700800000| 77%| O|  |TS  0|AC  0|TAMS 0x00000007007c6c20, 0x00000007007c6c20|
|   8|0x0000000700800000, 0x00000007008fca68, 0x0000000700900000| 98%| O|  |TS  0|AC  0|TAMS 0x00000007008fca68, 0x00000007008fca68|
|   9|0x0000000700900000, 0x00000007009fffb8, 0x0000000700a00000| 99%| O|  |TS  0|AC  0|TAMS 0x00000007009fffb8, 0x00000007009fffb8|
|  10|0x0000000700a00000, 0x0000000700b00000, 0x0000000700b00000|100%| O|  |TS  0|AC  0|TAMS 0x0000000700b00000, 0x0000000700b00000|
|  11|0x0000000700b00000, 0x0000000700bfffb0, 0x0000000700c00000| 99%| O|  |TS  0|AC  0|TAMS 0x0000000700bfffb0, 0x0000000700bfffb0|
|  12|0x0000000700c00000, 0x0000000700cdb380, 0x0000000700d00000| 85%| O|  |TS  0|AC  0|TAMS 0x0000000700cdb380, 0x0000000700cdb380|
|  13|0x0000000700d00000, 0x0000000700dfda18, 0x0000000700e00000| 99%| O|  |TS  0|AC  0|TAMS 0x0000000700dfda18, 0x0000000700dfda18|
|  14|0x0000000700e00000, 0x0000000700ef61e0, 0x0000000700f00000| 96%| O|  |TS  0|AC  0|TAMS 0x0000000700ef61e0, 0x0000000700ef61e0|
|  15|0x0000000700f00000, 0x0000000700ffffc8, 0x0000000701000000| 99%| O|  |TS  0|AC  0|TAMS 0x0000000700ffffc8, 0x0000000700ffffc8|
|  16|0x0000000701000000, 0x00000007010fffa0, 0x0000000701100000| 99%| O|  |TS  0|AC  0|TAMS 0x00000007010fffa0, 0x00000007010fffa0|
|  17|0x0000000701100000, 0x00000007011fffe8, 0x0000000701200000| 99%| O|  |TS  0|AC  0|TAMS 0x00000007011fffe8, 0x00000007011fffe8|
|  18|0x0000000701200000, 0x00000007012fb450, 0x0000000701300000| 98%| O|  |TS  0|AC  0|TAMS 0x00000007012fb450, 0x00000007012fb450|
|  19|0x0000000701300000, 0x00000007013ffff8, 0x0000000701400000| 99%| O|  |TS  0|AC  0|TAMS 0x00000007013ffff8, 0x00000007013ffff8|
|  20|0x0000000701400000, 0x00000007014ffd80, 0x0000000701500000| 99%| O|  |TS  0|AC  0|TAMS 0x00000007014ffd80, 0x00000007014ffd80|
|  21|0x0000000701500000, 0x0000000701600000, 0x0000000701600000|100%| O|  |TS  0|AC  0|TAMS 0x0000000701600000, 0x0000000701600000|
|  22|0x0000000701600000, 0x00000007016fedd8, 0x0000000701700000| 99%| O|  |TS  0|AC  0|TAMS 0x00000007016fedd8, 0x00000007016fedd8|
|  23|0x0000000701700000, 0x00000007017ffff0, 0x0000000701800000| 99%| O|  |TS  0|AC  0|TAMS 0x00000007017ffff0, 0x00000007017ffff0|
|  24|0x0000000701800000, 0x00000007018fffc0, 0x0000000701900000| 99%| O|  |TS  0|AC  0|TAMS 0x00000007018fffc0, 0x00000007018fffc0|
|  25|0x0000000701900000, 0x00000007019ffff8, 0x0000000701a00000| 99%| O|  |TS  0|AC  0|TAMS 0x00000007019ffff8, 0x00000007019ffff8|
|  26|0x0000000701a00000, 0x0000000701affff0, 0x0000000701b00000| 99%| O|  |TS  0|AC  0|TAMS 0x0000000701affff0, 0x0000000701affff0|
|  27|0x0000000701b00000, 0x0000000701bffff8, 0x0000000701c00000| 99%| O|  |TS  0|AC  0|TAMS 0x0000000701bffff8, 0x0000000701bffff8|
|  28|0x0000000701c00000, 0x0000000701cffff8, 0x0000000701d00000| 99%| O|  |TS  0|AC  0|TAMS 0x0000000701cffff8, 0x0000000701cffff8|
|  29|0x0000000701d00000, 0x0000000701dfffe0, 0x0000000701e00000| 99%| O|  |TS  0|AC  0|TAMS 0x0000000701dfffe0, 0x0000000701dfffe0|
|  30|0x0000000701e00000, 0x0000000701effff0, 0x0000000701f00000| 99%| O|  |TS  0|AC  0|TAMS 0x0000000701effff0, 0x0000000701effff0|
|  31|0x0000000701f00000, 0x0000000701ffff68, 0x0000000702000000| 99%| O|  |TS  0|AC  0|TAMS 0x0000000701ffff68, 0x0000000701ffff68|
|  32|0x0000000702000000, 0x00000007020ffff0, 0x0000000702100000| 99%| O|  |TS  0|AC  0|TAMS 0x00000007020ffff0, 0x00000007020ffff0|
|  33|0x0000000702100000, 0x00000007021fffe8, 0x0000000702200000| 99%| O|  |TS  0|AC  0|TAMS 0x00000007021fffe8, 0x00000007021fffe8|
|  34|0x0000000702200000, 0x00000007022fffd0, 0x0000000702300000| 99%| O|  |TS  0|AC  0|TAMS 0x00000007022fffd0, 0x00000007022fffd0|
|  35|0x0000000702300000, 0x00000007023fffc8, 0x0000000702400000| 99%| O|  |TS  0|AC  0|TAMS 0x00000007023fffc8, 0x00000007023fffc8|
|  36|0x0000000702400000, 0x00000007024d3988, 0x0000000702500000| 82%| O|  |TS  0|AC  0|TAMS 0x00000007024d3988, 0x00000007024d3988|
|  37|0x0000000702500000, 0x00000007025fffd8, 0x0000000702600000| 99%| O|  |TS  0|AC  0|TAMS 0x00000007025fffd8, 0x00000007025fffd8|
|  38|0x0000000702600000, 0x00000007026ffff0, 0x0000000702700000| 99%| O|  |TS  0|AC  0|TAMS 0x00000007026ffff0, 0x00000007026ffff0|
|  39|0x0000000702700000, 0x00000007027ffe58, 0x0000000702800000| 99%| O|  |TS  0|AC  0|TAMS 0x00000007027ffe58, 0x00000007027ffe58|
|  40|0x0000000702800000, 0x00000007028fffe8, 0x0000000702900000| 99%| O|  |TS  0|AC  0|TAMS 0x00000007028fffe8, 0x00000007028fffe8|
|  41|0x0000000702900000, 0x0000000702a00000, 0x0000000702a00000|100%| O|  |TS  0|AC  0|TAMS 0x0000000702a00000, 0x0000000702a00000|
|  42|0x0000000702a00000, 0x0000000702afffe0, 0x0000000702b00000| 99%| O|  |TS  0|AC  0|TAMS 0x0000000702afffe0, 0x0000000702afffe0|
|  43|0x0000000702b00000, 0x0000000702bffff0, 0x0000000702c00000| 99%| O|  |TS  0|AC  0|TAMS 0x0000000702bffff0, 0x0000000702bffff0|
|  44|0x0000000702c00000, 0x0000000702cfffb0, 0x0000000702d00000| 99%| O|  |TS  0|AC  0|TAMS 0x0000000702cfffb0, 0x0000000702cfffb0|
|  45|0x0000000702d00000, 0x0000000702dfffe8, 0x0000000702e00000| 99%| O|  |TS  0|AC  0|TAMS 0x0000000702dfffe8, 0x0000000702dfffe8|
|  46|0x0000000702e00000, 0x0000000702efffe8, 0x0000000702f00000| 99%| O|  |TS  0|AC  0|TAMS 0x0000000702efffe8, 0x0000000702efffe8|
|  47|0x0000000702f00000, 0x0000000703000000, 0x0000000703000000|100%| O|  |TS  0|AC  0|TAMS 0x0000000703000000, 0x0000000703000000|
|  48|0x0000000703000000, 0x00000007030fb330, 0x0000000703100000| 98%| O|  |TS  0|AC  0|TAMS 0x00000007030fb330, 0x00000007030fb330|
|  49|0x0000000703100000, 0x0000000703100000, 0x0000000703200000|  0%| F|  |TS  0|AC  0|TAMS 0x0000000703100000, 0x0000000703100000|
|  50|0x0000000703200000, 0x0000000703200000, 0x0000000703300000|  0%| F|  |TS  0|AC  0|TAMS 0x0000000703200000, 0x0000000703200000|
|  51|0x0000000703300000, 0x0000000703300000, 0x0000000703400000|  0%| F|  |TS  0|AC  0|TAMS 0x0000000703300000, 0x0000000703300000|
|  52|0x0000000703400000, 0x0000000703400000, 0x0000000703500000|  0%| F|  |TS  0|AC  0|TAMS 0x0000000703400000, 0x0000000703400000|
|  53|0x0000000703500000, 0x0000000703600000, 0x0000000703600000|100%| O|  |TS  0|AC  0|TAMS 0x0000000703600000, 0x0000000703600000|
|  54|0x0000000703600000, 0x00000007036ffff8, 0x0000000703700000| 99%| O|  |TS  0|AC  0|TAMS 0x00000007036ffff8, 0x00000007036ffff8|
|  55|0x0000000703700000, 0x0000000703800000, 0x0000000703800000|100%| O|  |TS  0|AC  0|TAMS 0x0000000703800000, 0x0000000703800000|
|  56|0x0000000703800000, 0x0000000703900000, 0x0000000703900000|100%| O|  |TS  0|AC  0|TAMS 0x0000000703900000, 0x0000000703900000|
|  57|0x0000000703900000, 0x0000000703a00000, 0x0000000703a00000|100%| O|  |TS  0|AC  0|TAMS 0x0000000703a00000, 0x0000000703a00000|
|  58|0x0000000703a00000, 0x0000000703b00000, 0x0000000703b00000|100%| O|  |TS  0|AC  0|TAMS 0x0000000703b00000, 0x0000000703b00000|
|  59|0x0000000703b00000, 0x0000000703c00000, 0x0000000703c00000|100%|HS|  |TS  0|AC  0|TAMS 0x0000000703c00000, 0x0000000703c00000|
|  60|0x0000000703c00000, 0x0000000703d00000, 0x0000000703d00000|100%| O|  |TS  0|AC  0|TAMS 0x0000000703d00000, 0x0000000703d00000|
|  61|0x0000000703d00000, 0x0000000703e00000, 0x0000000703e00000|100%| O|  |TS  0|AC  0|TAMS 0x0000000703e00000, 0x0000000703e00000|
|  62|0x0000000703e00000, 0x0000000703f00000, 0x0000000703f00000|100%| O|  |TS  0|AC  0|TAMS 0x0000000703f00000, 0x0000000703f00000|
|  63|0x0000000703f00000, 0x0000000704000000, 0x0000000704000000|100%| O|  |TS  0|AC  0|TAMS 0x0000000704000000, 0x0000000704000000|
|  64|0x0000000704000000, 0x0000000704100000, 0x0000000704100000|100%| O|  |TS  0|AC  0|TAMS 0x0000000704100000, 0x0000000704100000|
|  65|0x0000000704100000, 0x0000000704200000, 0x0000000704200000|100%| O|  |TS  0|AC  0|TAMS 0x0000000704200000, 0x0000000704200000|
|  66|0x0000000704200000, 0x0000000704300000, 0x0000000704300000|100%| O|  |TS  0|AC  0|TAMS 0x0000000704300000, 0x0000000704300000|
|  67|0x0000000704300000, 0x0000000704400000, 0x0000000704400000|100%| O|  |TS  0|AC  0|TAMS 0x0000000704400000, 0x0000000704400000|
|  68|0x0000000704400000, 0x0000000704500000, 0x0000000704500000|100%| O|  |TS  0|AC  0|TAMS 0x0000000704500000, 0x0000000704500000|
|  69|0x0000000704500000, 0x0000000704600000, 0x0000000704600000|100%| O|  |TS  0|AC  0|TAMS 0x0000000704600000, 0x0000000704600000|
|  70|0x0000000704600000, 0x000000070462a400, 0x0000000704700000| 16%| O|  |TS  0|AC  0|TAMS 0x000000070462a400, 0x000000070462a400|
|  71|0x0000000704700000, 0x0000000704700000, 0x0000000704800000|  0%| F|  |TS  0|AC  0|TAMS 0x0000000704700000, 0x0000000704700000|
|  72|0x0000000704800000, 0x0000000704900000, 0x0000000704900000|100%| O|  |TS  0|AC  0|TAMS 0x0000000704900000, 0x0000000704900000|
|  73|0x0000000704900000, 0x000000070496aa40, 0x0000000704a00000| 41%| S|CS|TS  0|AC  0|TAMS 0x0000000704900000, 0x0000000704900000|
|  74|0x0000000704a00000, 0x0000000704a00000, 0x0000000704b00000|  0%| F|  |TS  0|AC  0|TAMS 0x0000000704a00000, 0x0000000704a00000|
|  75|0x0000000704b00000, 0x0000000704b00000, 0x0000000704c00000|  0%| F|  |TS  0|AC  0|TAMS 0x0000000704b00000, 0x0000000704b00000|
|  76|0x0000000704c00000, 0x0000000704c00000, 0x0000000704d00000|  0%| F|  |TS  0|AC  0|TAMS 0x0000000704c00000, 0x0000000704c00000|
|  77|0x0000000704d00000, 0x0000000704d00000, 0x0000000704e00000|  0%| F|  |TS  0|AC  0|TAMS 0x0000000704d00000, 0x0000000704d00000|
|  78|0x0000000704e00000, 0x0000000704e00000, 0x0000000704f00000|  0%| F|  |TS  0|AC  0|TAMS 0x0000000704e00000, 0x0000000704e00000|
|  79|0x0000000704f00000, 0x0000000704f00000, 0x0000000705000000|  0%| F|  |TS  0|AC  0|TAMS 0x0000000704f00000, 0x0000000704f00000|
|  80|0x0000000705000000, 0x0000000705100000, 0x0000000705100000|100%| S|CS|TS  0|AC  0|TAMS 0x0000000705000000, 0x0000000705000000|
|  81|0x0000000705100000, 0x0000000705200000, 0x0000000705200000|100%| S|CS|TS  0|AC  0|TAMS 0x0000000705100000, 0x0000000705100000|
|  82|0x0000000705200000, 0x0000000705200000, 0x0000000705300000|  0%| F|  |TS  0|AC  0|TAMS 0x0000000705200000, 0x0000000705200000|
|  83|0x0000000705300000, 0x0000000705300000, 0x0000000705400000|  0%| F|  |TS  0|AC  0|TAMS 0x0000000705300000, 0x0000000705300000|
|  84|0x0000000705400000, 0x0000000705400000, 0x0000000705500000|  0%| F|  |TS  0|AC  0|TAMS 0x0000000705400000, 0x0000000705400000|
|  85|0x0000000705500000, 0x0000000705500000, 0x0000000705600000|  0%| F|  |TS  0|AC  0|TAMS 0x0000000705500000, 0x0000000705500000|
|  86|0x0000000705600000, 0x0000000705600000, 0x0000000705700000|  0%| F|  |TS  0|AC  0|TAMS 0x0000000705600000, 0x0000000705600000|
|  87|0x0000000705700000, 0x0000000705700000, 0x0000000705800000|  0%| F|  |TS  0|AC  0|TAMS 0x0000000705700000, 0x0000000705700000|
|  88|0x0000000705800000, 0x0000000705800000, 0x0000000705900000|  0%| F|  |TS  0|AC  0|TAMS 0x0000000705800000, 0x0000000705800000|
|  89|0x0000000705900000, 0x0000000705900000, 0x0000000705a00000|  0%| F|  |TS  0|AC  0|TAMS 0x0000000705900000, 0x0000000705900000|
|  90|0x0000000705a00000, 0x0000000705a00000, 0x0000000705b00000|  0%| F|  |TS  0|AC  0|TAMS 0x0000000705a00000, 0x0000000705a00000|
|  91|0x0000000705b00000, 0x0000000705b00000, 0x0000000705c00000|  0%| F|  |TS  0|AC  0|TAMS 0x0000000705b00000, 0x0000000705b00000|
|  92|0x0000000705c00000, 0x0000000705c00000, 0x0000000705d00000|  0%| F|  |TS  0|AC  0|TAMS 0x0000000705c00000, 0x0000000705c00000|
|  93|0x0000000705d00000, 0x0000000705d00000, 0x0000000705e00000|  0%| F|  |TS  0|AC  0|TAMS 0x0000000705d00000, 0x0000000705d00000|
|  94|0x0000000705e00000, 0x0000000705e00000, 0x0000000705f00000|  0%| F|  |TS  0|AC  0|TAMS 0x0000000705e00000, 0x0000000705e00000|
|  95|0x0000000705f00000, 0x0000000705f00000, 0x0000000706000000|  0%| F|  |TS  0|AC  0|TAMS 0x0000000705f00000, 0x0000000705f00000|
|  96|0x0000000706000000, 0x0000000706000000, 0x0000000706100000|  0%| F|  |TS  0|AC  0|TAMS 0x0000000706000000, 0x0000000706000000|
|  97|0x0000000706100000, 0x0000000706100000, 0x0000000706200000|  0%| F|  |TS  0|AC  0|TAMS 0x0000000706100000, 0x0000000706100000|
|  98|0x0000000706200000, 0x0000000706200000, 0x0000000706300000|  0%| F|  |TS  0|AC  0|TAMS 0x0000000706200000, 0x0000000706200000|
|  99|0x0000000706300000, 0x0000000706300000, 0x0000000706400000|  0%| F|  |TS  0|AC  0|TAMS 0x0000000706300000, 0x0000000706300000|
| 100|0x0000000706400000, 0x0000000706400000, 0x0000000706500000|  0%| F|  |TS  0|AC  0|TAMS 0x0000000706400000, 0x0000000706400000|
| 101|0x0000000706500000, 0x0000000706500000, 0x0000000706600000|  0%| F|  |TS  0|AC  0|TAMS 0x0000000706500000, 0x0000000706500000|
| 102|0x0000000706600000, 0x0000000706600000, 0x0000000706700000|  0%| F|  |TS  0|AC  0|TAMS 0x0000000706600000, 0x0000000706600000|
| 103|0x0000000706700000, 0x0000000706700000, 0x0000000706800000|  0%| F|  |TS  0|AC  0|TAMS 0x0000000706700000, 0x0000000706700000|
| 104|0x0000000706800000, 0x000000070682d428, 0x0000000706900000| 17%| E|  |TS  0|AC  0|TAMS 0x0000000706800000, 0x0000000706800000|
| 105|0x0000000706900000, 0x0000000706a00000, 0x0000000706a00000|100%| E|CS|TS  0|AC  0|TAMS 0x0000000706900000, 0x0000000706900000|
| 106|0x0000000706a00000, 0x0000000706b00000, 0x0000000706b00000|100%| E|CS|TS  0|AC  0|TAMS 0x0000000706a00000, 0x0000000706a00000|
| 107|0x0000000706b00000, 0x0000000706c00000, 0x0000000706c00000|100%| E|CS|TS  0|AC  0|TAMS 0x0000000706b00000, 0x0000000706b00000|
| 108|0x0000000706c00000, 0x0000000706d00000, 0x0000000706d00000|100%| E|CS|TS  0|AC  0|TAMS 0x0000000706c00000, 0x0000000706c00000|
| 109|0x0000000706d00000, 0x0000000706e00000, 0x0000000706e00000|100%| E|CS|TS  0|AC  0|TAMS 0x0000000706d00000, 0x0000000706d00000|
| 110|0x0000000706e00000, 0x0000000706f00000, 0x0000000706f00000|100%| E|CS|TS  0|AC  0|TAMS 0x0000000706e00000, 0x0000000706e00000|
| 111|0x0000000706f00000, 0x0000000707000000, 0x0000000707000000|100%| E|CS|TS  0|AC  0|TAMS 0x0000000706f00000, 0x0000000706f00000|
| 112|0x0000000707000000, 0x0000000707100000, 0x0000000707100000|100%| E|CS|TS  0|AC  0|TAMS 0x0000000707000000, 0x0000000707000000|
| 113|0x0000000707100000, 0x0000000707200000, 0x0000000707200000|100%| E|CS|TS  0|AC  0|TAMS 0x0000000707100000, 0x0000000707100000|
| 114|0x0000000707200000, 0x0000000707300000, 0x0000000707300000|100%| E|CS|TS  0|AC  0|TAMS 0x0000000707200000, 0x0000000707200000|
| 115|0x0000000707300000, 0x0000000707400000, 0x0000000707400000|100%| E|CS|TS  0|AC  0|TAMS 0x0000000707300000, 0x0000000707300000|
| 116|0x0000000707400000, 0x0000000707500000, 0x0000000707500000|100%| E|CS|TS  0|AC  0|TAMS 0x0000000707400000, 0x0000000707400000|
| 117|0x0000000707500000, 0x0000000707600000, 0x0000000707600000|100%| E|CS|TS  0|AC  0|TAMS 0x0000000707500000, 0x0000000707500000|
| 118|0x0000000707600000, 0x0000000707700000, 0x0000000707700000|100%| E|CS|TS  0|AC  0|TAMS 0x0000000707600000, 0x0000000707600000|
| 119|0x0000000707700000, 0x0000000707800000, 0x0000000707800000|100%| E|CS|TS  0|AC  0|TAMS 0x0000000707700000, 0x0000000707700000|
| 120|0x0000000707800000, 0x0000000707900000, 0x0000000707900000|100%| E|CS|TS  0|AC  0|TAMS 0x0000000707800000, 0x0000000707800000|
| 121|0x0000000707900000, 0x0000000707a00000, 0x0000000707a00000|100%| E|CS|TS  0|AC  0|TAMS 0x0000000707900000, 0x0000000707900000|
| 122|0x0000000707a00000, 0x0000000707b00000, 0x0000000707b00000|100%| E|CS|TS  0|AC  0|TAMS 0x0000000707a00000, 0x0000000707a00000|
| 123|0x0000000707b00000, 0x0000000707c00000, 0x0000000707c00000|100%| E|CS|TS  0|AC  0|TAMS 0x0000000707b00000, 0x0000000707b00000|
| 124|0x0000000707c00000, 0x0000000707d00000, 0x0000000707d00000|100%| E|CS|TS  0|AC  0|TAMS 0x0000000707c00000, 0x0000000707c00000|
| 125|0x0000000707d00000, 0x0000000707e00000, 0x0000000707e00000|100%| E|CS|TS  0|AC  0|TAMS 0x0000000707d00000, 0x0000000707d00000|
| 126|0x0000000707e00000, 0x0000000707f00000, 0x0000000707f00000|100%| E|CS|TS  0|AC  0|TAMS 0x0000000707e00000, 0x0000000707e00000|
| 127|0x0000000707f00000, 0x0000000708000000, 0x0000000708000000|100%| E|CS|TS  0|AC  0|TAMS 0x0000000707f00000, 0x0000000707f00000|
| 128|0x0000000708000000, 0x0000000708100000, 0x0000000708100000|100%| O|  |TS  0|AC  0|TAMS 0x0000000708100000, 0x0000000708100000|
| 129|0x0000000708100000, 0x0000000708200000, 0x0000000708200000|100%| O|  |TS  0|AC  0|TAMS 0x0000000708200000, 0x0000000708200000|
| 130|0x0000000708200000, 0x0000000708300000, 0x0000000708300000|100%| O|  |TS  0|AC  0|TAMS 0x0000000708300000, 0x0000000708300000|
| 131|0x0000000708300000, 0x0000000708400000, 0x0000000708400000|100%| O|  |TS  0|AC  0|TAMS 0x0000000708400000, 0x0000000708400000|
| 132|0x0000000708400000, 0x0000000708500000, 0x0000000708500000|100%| O|  |TS  0|AC  0|TAMS 0x0000000708500000, 0x0000000708500000|
| 133|0x0000000708500000, 0x0000000708600000, 0x0000000708600000|100%| O|  |TS  0|AC  0|TAMS 0x0000000708600000, 0x0000000708600000|
| 134|0x0000000708600000, 0x0000000708700000, 0x0000000708700000|100%| O|  |TS  0|AC  0|TAMS 0x0000000708700000, 0x0000000708700000|
| 135|0x0000000708700000, 0x0000000708800000, 0x0000000708800000|100%| E|CS|TS  0|AC  0|TAMS 0x0000000708700000, 0x0000000708700000|
| 136|0x0000000708800000, 0x0000000708900000, 0x0000000708900000|100%| O|  |TS  0|AC  0|TAMS 0x0000000708900000, 0x0000000708900000|
| 137|0x0000000708900000, 0x0000000708a00000, 0x0000000708a00000|100%| E|CS|TS  0|AC  0|TAMS 0x0000000708900000, 0x0000000708900000|
| 138|0x0000000708a00000, 0x0000000708b00000, 0x0000000708b00000|100%| E|CS|TS  0|AC  0|TAMS 0x0000000708a00000, 0x0000000708a00000|
| 139|0x0000000708b00000, 0x0000000708c00000, 0x0000000708c00000|100%| E|CS|TS  0|AC  0|TAMS 0x0000000708b00000, 0x0000000708b00000|
| 140|0x0000000708c00000, 0x0000000708d00000, 0x0000000708d00000|100%| E|CS|TS  0|AC  0|TAMS 0x0000000708c00000, 0x0000000708c00000|
| 141|0x0000000708d00000, 0x0000000708e00000, 0x0000000708e00000|100%| E|CS|TS  0|AC  0|TAMS 0x0000000708d00000, 0x0000000708d00000|
| 142|0x0000000708e00000, 0x0000000708f00000, 0x0000000708f00000|100%|HS|  |TS  0|AC  0|TAMS 0x0000000708f00000, 0x0000000708f00000|
| 143|0x0000000708f00000, 0x0000000709000000, 0x0000000709000000|100%|HC|  |TS  0|AC  0|TAMS 0x0000000709000000, 0x0000000709000000|
| 144|0x0000000709000000, 0x0000000709100000, 0x0000000709100000|100%|HC|  |TS  0|AC  0|TAMS 0x0000000709100000, 0x0000000709100000|
| 145|0x0000000709100000, 0x0000000709200000, 0x0000000709200000|100%|HC|  |TS  0|AC  0|TAMS 0x0000000709200000, 0x0000000709200000|
| 146|0x0000000709200000, 0x0000000709300000, 0x0000000709300000|100%| E|CS|TS  0|AC  0|TAMS 0x0000000709200000, 0x0000000709200000|
| 147|0x0000000709300000, 0x0000000709400000, 0x0000000709400000|100%| E|CS|TS  0|AC  0|TAMS 0x0000000709300000, 0x0000000709300000|
| 148|0x0000000709400000, 0x0000000709500000, 0x0000000709500000|100%| E|CS|TS  0|AC  0|TAMS 0x0000000709400000, 0x0000000709400000|
| 149|0x0000000709500000, 0x0000000709600000, 0x0000000709600000|100%| E|CS|TS  0|AC  0|TAMS 0x0000000709500000, 0x0000000709500000|

Card table byte_map: [0x0000027e2bb40000,0x0000027e2c140000] byte_map_base: 0x0000027e28340000

Marking Bits (Prev, Next): (CMBitMap*) 0x0000027e281175a8, (CMBitMap*) 0x0000027e28117570
 Prev Bits: [0x0000027e468f0000, 0x0000027e498f0000)
 Next Bits: [0x0000027e2c740000, 0x0000027e2f740000)

Polling page: 0x0000027e224b0000

CodeHeap 'non-profiled nmethods': size=120000Kb used=22282Kb max_used=22282Kb free=97718Kb
 bounds [0x0000027e3f3c0000, 0x0000027e40990000, 0x0000027e468f0000]
CodeHeap 'profiled nmethods': size=120000Kb used=38255Kb max_used=38255Kb free=81744Kb
 bounds [0x0000027e37e90000, 0x0000027e3a440000, 0x0000027e3f3c0000]
CodeHeap 'non-nmethods': size=5760Kb used=1766Kb max_used=1819Kb free=3993Kb
 bounds [0x0000027e378f0000, 0x0000027e37b60000, 0x0000027e37e90000]
 total_blobs=32149 nmethods=16597 adapters=1086
 compilation: enabled

Compilation events (10 events):
Event: 3364.431 Thread 0x0000027e2ffe8800 21852       4       ui.utils.p.x.H::paint (216 bytes)
Event: 3364.432 Thread 0x0000027e30a83800 nmethod 21851 0x0000027e40977b90 code [0x0000027e40977d60, 0x0000027e40978028]
Event: 3364.441 Thread 0x0000027e2ffe8800 nmethod 21852 0x0000027e40978310 code [0x0000027e40978560, 0x0000027e40978cf0]
Event: 3364.446 Thread 0x0000027e30a84000 21853       1       com.jidesoft.list.StyledListCellRenderer::invalidate (1 bytes)
Event: 3364.446 Thread 0x0000027e30a84000 nmethod 21853 0x0000027e40979510 code [0x0000027e409796c0, 0x0000027e409797d8]
Event: 3364.449 Thread 0x0000027e29c5e800 21854       4       com.jidesoft.editor.CodeEditor::getStyles (34 bytes)
Event: 3364.450 Thread 0x0000027e30a83800 21855   !   4       com.jidesoft.editor.CodeEditor::_offsetToX (1606 bytes)
Event: 3364.450 Thread 0x0000027e29c5e800 nmethod 21854 0x0000027e40979890 code [0x0000027e40979a20, 0x0000027e40979ad8]
Event: 3364.451 Thread 0x0000027e30a84000 21856       3       com.jidesoft.editor.CodeEditor$14::markerChanged (128 bytes)
Event: 3364.452 Thread 0x0000027e30a84000 nmethod 21856 0x0000027e3a42f210 code [0x0000027e3a42f4a0, 0x0000027e3a4304c0]

GC Heap History (10 events):
Event: 3358.181 GC heap before
{Heap before GC invocations=319 (full 5):
 garbage-first heap   total 150528K, used 148655K [0x0000000700000000, 0x0000000700100498, 0x00000007c0000000)
  region size 1024K, 55 young (56320K), 1 survivors (1024K)
 Metaspace       used 82849K, capacity 85441K, committed 91056K, reserved 1126400K
  class space    used 11771K, capacity 12281K, committed 13488K, reserved 1048576K
}
Event: 3358.185 GC heap after
{Heap after GC invocations=320 (full 5):
 garbage-first heap   total 151552K, used 89376K [0x0000000700000000, 0x00000007001004a0, 0x00000007c0000000)
  region size 1024K, 1 young (1024K), 1 survivors (1024K)
 Metaspace       used 82849K, capacity 85441K, committed 91056K, reserved 1126400K
  class space    used 11771K, capacity 12281K, committed 13488K, reserved 1048576K
}
Event: 3363.200 GC heap before
{Heap before GC invocations=321 (full 5):
 garbage-first heap   total 151552K, used 149792K [0x0000000700000000, 0x00000007001004a0, 0x00000007c0000000)
  region size 1024K, 60 young (61440K), 1 survivors (1024K)
 Metaspace       used 82880K, capacity 85455K, committed 91056K, reserved 1126400K
  class space    used 11773K, capacity 12284K, committed 13488K, reserved 1048576K
}
Event: 3363.203 GC heap after
{Heap after GC invocations=322 (full 5):
 garbage-first heap   total 153600K, used 85758K [0x0000000700000000, 0x00000007001004b0, 0x00000007c0000000)
  region size 1024K, 2 young (2048K), 2 survivors (2048K)
 Metaspace       used 82880K, capacity 85455K, committed 91056K, reserved 1126400K
  class space    used 11773K, capacity 12284K, committed 13488K, reserved 1048576K
}
Event: 3363.338 GC heap before
{Heap before GC invocations=322 (full 5):
 garbage-first heap   total 153600K, used 145150K [0x0000000700000000, 0x00000007001004b0, 0x00000007c0000000)
  region size 1024K, 60 young (61440K), 2 survivors (2048K)
 Metaspace       used 83140K, capacity 85711K, committed 91312K, reserved 1126400K
  class space    used 11776K, capacity 12284K, committed 13488K, reserved 1048576K
}
Event: 3363.340 GC heap after
{Heap after GC invocations=323 (full 5):
 garbage-first heap   total 153600K, used 85494K [0x0000000700000000, 0x00000007001004b0, 0x00000007c0000000)
  region size 1024K, 2 young (2048K), 2 survivors (2048K)
 Metaspace       used 83140K, capacity 85711K, committed 91312K, reserved 1126400K
  class space    used 11776K, capacity 12284K, committed 13488K, reserved 1048576K
}
Event: 3363.862 GC heap before
{Heap before GC invocations=324 (full 5):
 garbage-first heap   total 153600K, used 144886K [0x0000000700000000, 0x00000007001004b0, 0x00000007c0000000)
  region size 1024K, 60 young (61440K), 2 survivors (2048K)
 Metaspace       used 83183K, capacity 85775K, committed 91312K, reserved 1126400K
  class space    used 11776K, capacity 12284K, committed 13488K, reserved 1048576K
}
Event: 3363.867 GC heap after
{Heap after GC invocations=325 (full 5):
 garbage-first heap   total 153600K, used 87618K [0x0000000700000000, 0x00000007001004b0, 0x00000007c0000000)
  region size 1024K, 4 young (4096K), 4 survivors (4096K)
 Metaspace       used 83183K, capacity 85775K, committed 91312K, reserved 1126400K
  class space    used 11776K, capacity 12284K, committed 13488K, reserved 1048576K
}
Event: 3364.050 GC heap before
{Heap before GC invocations=325 (full 5):
 garbage-first heap   total 153600K, used 144962K [0x0000000700000000, 0x00000007001004b0, 0x00000007c0000000)
  region size 1024K, 60 young (61440K), 4 survivors (4096K)
 Metaspace       used 83193K, capacity 85839K, committed 91312K, reserved 1126400K
  class space    used 11776K, capacity 12284K, committed 13488K, reserved 1048576K
}
Event: 3364.056 GC heap after
{Heap after GC invocations=326 (full 5):
 garbage-first heap   total 153600K, used 82792K [0x0000000700000000, 0x00000007001004b0, 0x00000007c0000000)
  region size 1024K, 3 young (3072K), 3 survivors (3072K)
 Metaspace       used 83193K, capacity 85839K, committed 91312K, reserved 1126400K
  class space    used 11776K, capacity 12284K, committed 13488K, reserved 1048576K
}

Deoptimization events (10 events):
Event: 3363.206 Thread 0x0000027e27b6b000 Uncommon trap: reason=unstable_if action=reinterpret pc=0x0000027e40827b00 method=java.util.IdentityHashMap.nextKeyIndex(II)I @ 4 c2
Event: 3363.220 Thread 0x0000027e27b6b000 Uncommon trap: reason=unstable_if action=reinterpret pc=0x0000027e4065de68 method=java.util.IdentityHashMap.nextKeyIndex(II)I @ 4 c2
Event: 3363.363 Thread 0x0000027e27b6b000 Uncommon trap: reason=unstable_if action=reinterpret pc=0x0000027e3f4c0400 method=com.sun.org.apache.xerces.internal.dom.NodeImpl.isOwned(Z)V @ 2 c2
Event: 3363.364 Thread 0x0000027e27b6b000 Uncommon trap: reason=bimorphic_or_optimized_type_check action=maybe_recompile pc=0x0000027e400ece54 method=java.util.regex.Matcher.match(II)Z @ 121 c2
Event: 3363.388 Thread 0x0000027e27b6b000 Uncommon trap: reason=bimorphic_or_optimized_type_check action=maybe_recompile pc=0x0000027e400ece54 method=java.util.regex.Matcher.match(II)Z @ 121 c2
Event: 3363.468 Thread 0x0000027e27b6b000 Uncommon trap: reason=unstable_if action=reinterpret pc=0x0000027e3face3c8 method=com.jidesoft.swing.JideTabbedPane.isTabShown()Z @ 19 c2
Event: 3363.468 Thread 0x0000027e27b6b000 Uncommon trap: reason=unstable_if action=reinterpret pc=0x0000027e3f9e5140 method=com.jidesoft.swing.JideTabbedPane.isTabShown()Z @ 19 c2
Event: 3363.792 Thread 0x0000027e27b6b000 Uncommon trap: reason=class_check action=maybe_recompile pc=0x0000027e4024ae9c method=com.jidesoft.swing.JideSplitPane.removeExtraDividers()Z @ 177 c2
Event: 3363.884 Thread 0x0000027e27b6b000 Uncommon trap: reason=unstable_if action=reinterpret pc=0x0000027e3fbf3dd0 method=ui.utils.p.d.fbV()Z @ 23 c2
Event: 3363.995 Thread 0x0000027e27b6b000 Uncommon trap: reason=class_check action=maybe_recompile pc=0x0000027e406b9754 method=com.jidesoft.plaf.basic.BasicJideTabbedPaneUI.setVisibleComponent(Ljava/awt/Component;)V @ 50 c2

Classes redefined (0 events):
No events

Internal exceptions (10 events):
Event: 3346.166 Thread 0x0000027e27b6b000 Exception <a 'java/lang/ClassNotFoundException'{0x000000070681de90}: java/lang/ObjectCustomizer> (0x000000070681de90) thrown at [t:/workspace/hotspot/src/share/vm/classfile/systemDictionary.cpp, line 218]
Event: 3346.215 Thread 0x0000027e27b6b000 Exception <a 'java/lang/ClassNotFoundException'{0x000000070682e690}: java/awt/ComponentCustomizer> (0x000000070682e690) thrown at [t:/workspace/hotspot/src/share/vm/classfile/systemDictionary.cpp, line 218]
Event: 3346.225 Thread 0x0000027e27b6b000 Exception <a 'java/lang/ClassNotFoundException'{0x000000070688ac18}: java/awt/ContainerCustomizer> (0x000000070688ac18) thrown at [t:/workspace/hotspot/src/share/vm/classfile/systemDictionary.cpp, line 218]
Event: 3346.228 Thread 0x0000027e27b6b000 Exception <a 'java/lang/ClassNotFoundException'{0x00000007068c2ac8}: javax/swing/JComponentCustomizer> (0x00000007068c2ac8) thrown at [t:/workspace/hotspot/src/share/vm/classfile/systemDictionary.cpp, line 218]
Event: 3346.241 Thread 0x0000027e27b6b000 Exception <a 'java/lang/ClassNotFoundException'{0x0000000706767818}: javax/swing/JPanelCustomizer> (0x0000000706767818) thrown at [t:/workspace/hotspot/src/share/vm/classfile/systemDictionary.cpp, line 218]
Event: 3346.242 Thread 0x0000027e27b6b000 Exception <a 'java/lang/ClassNotFoundException'{0x00000007067a9008}: org/jdesktop/swingx/JXPanelCustomizer> (0x00000007067a9008) thrown at [t:/workspace/hotspot/src/share/vm/classfile/systemDictionary.cpp, line 218]
Event: 3346.244 Thread 0x0000027e27b6b000 Exception <a 'java/lang/ClassNotFoundException'{0x00000007067f56b0}: org/jdesktop/swingx/JXTitledPanelCustomizer> (0x00000007067f56b0) thrown at [t:/workspace/hotspot/src/share/vm/classfile/systemDictionary.cpp, line 218]
Event: 3346.245 Thread 0x0000027e27b6b000 Exception <a 'java/lang/ClassNotFoundException'{0x0000000706637d58}: ui/utils/p/p/a/dCustomizer> (0x0000000706637d58) thrown at [t:/workspace/hotspot/src/share/vm/classfile/systemDictionary.cpp, line 218]
Event: 3346.251 Thread 0x0000027e27b6b000 Implicit null exception at 0x0000027e3fd60fe2 to 0x0000027e3fd61865
Event: 3354.184 Thread 0x0000027e27b6b000 Exception <a 'java/lang/NoSuchMethodError'{0x0000000707adca98}: java.lang.invoke.DelegatingMethodHandle$Holder.reinvoke_L(Ljava/lang/Object;IIILjava/lang/Object;Ljava/lang/Object;I)Ljava/lang/Object;> (0x0000000707adca98) thrown at [t:/workspace/hotspot/s

Events (10 events):
Event: 3364.167 Executing VM operation: RevokeBias
Event: 3364.168 Executing VM operation: RevokeBias done
Event: 3364.175 Thread 0x0000027e4d289000 Thread exited: 0x0000027e4d289000
Event: 3364.176 Thread 0x0000027e27b6b000 DEOPT PACKING pc=0x0000027e3a2916ad sp=0x00000087e47fcbe0
Event: 3364.176 Thread 0x0000027e27b6b000 DEOPT UNPACKING pc=0x0000027e3793dd3f sp=0x00000087e47fc0d0 mode 0
Event: 3364.176 Executing VM operation: CGC_Operation
Event: 3364.177 Executing VM operation: CGC_Operation done
Event: 3364.450 Executing VM operation: RevokeBias
Event: 3364.450 Executing VM operation: RevokeBias done
Event: 3364.456 Thread 0x0000027e4d28c000 Thread exited: 0x0000027e4d28c000


Dynamic libraries:
0x00007ff7defa0000 - 0x00007ff7defd0000 	C:\Xilinx\Vivado\2019.2\bin\unwrapped\win64.o\vivado.exe
0x00007ffeeb440000 - 0x00007ffeeb647000 	C:\WINDOWS\SYSTEM32\ntdll.dll
0x00007ffeea710000 - 0x00007ffeea7cd000 	C:\WINDOWS\System32\KERNEL32.DLL
0x00007ffee8a40000 - 0x00007ffee8db4000 	C:\WINDOWS\System32\KERNELBASE.dll
0x00007ffee8e80000 - 0x00007ffee8f91000 	C:\WINDOWS\System32\ucrtbase.dll
0x00007ffea0da0000 - 0x00007ffea0e2d000 	C:\WINDOWS\SYSTEM32\MSVCP140.dll
0x00007ffec7880000 - 0x00007ffec789b000 	C:\WINDOWS\SYSTEM32\VCRUNTIME140.dll
0x00007ffecc200000 - 0x00007ffecc20c000 	C:\WINDOWS\SYSTEM32\VCRUNTIME140_1.dll
0x00007ffec7d00000 - 0x00007ffec7d16000 	C:\Xilinx\Vivado\2019.2\lib\win64.o\librdi_commonmain.dll
0x00007ffec79b0000 - 0x00007ffec79d6000 	C:\Xilinx\Vivado\2019.2\lib\win64.o\libboost_filesystem.dll
0x00007ffeea950000 - 0x00007ffeea9fc000 	C:\WINDOWS\System32\ADVAPI32.dll
0x00007ffeeaf80000 - 0x00007ffeeb023000 	C:\WINDOWS\System32\msvcrt.dll
0x00007ffeeb140000 - 0x00007ffeeb1dd000 	C:\WINDOWS\System32\sechost.dll
0x00007ffeeb260000 - 0x00007ffeeb381000 	C:\WINDOWS\System32\RPCRT4.dll
0x00007ffee4b50000 - 0x00007ffee4b5a000 	C:\Xilinx\Vivado\2019.2\lib\win64.o\librdi_commonversion.dll
0x00007ffe9fa30000 - 0x00007ffe9fbd1000 	C:\Xilinx\Vivado\2019.2\lib\win64.o\librdi_commonxillic.dll
0x00007ffeea4d0000 - 0x00007ffeea67c000 	C:\WINDOWS\System32\USER32.dll
0x00007ffee8fa0000 - 0x00007ffee8fc6000 	C:\WINDOWS\System32\win32u.dll
0x00007ffeea920000 - 0x00007ffeea949000 	C:\WINDOWS\System32\GDI32.dll
0x00007ffee8920000 - 0x00007ffee8a32000 	C:\WINDOWS\System32\gdi32full.dll
0x00007ffee9050000 - 0x00007ffee90ed000 	C:\WINDOWS\System32\msvcp_win.dll
0x00007ffeeaaf0000 - 0x00007ffeeab5f000 	C:\WINDOWS\System32\WS2_32.dll
0x00007ffe4ab60000 - 0x00007ffe4baa3000 	C:\Xilinx\Vivado\2019.2\lib\win64.o\librdi_common.dll
0x00007ffee9bf0000 - 0x00007ffeea39e000 	C:\WINDOWS\System32\SHELL32.dll
0x00007ffede540000 - 0x00007ffede54b000 	C:\Xilinx\Vivado\2019.2\lib\win64.o\libboost_system.dll
0x00007ffe9dfb0000 - 0x00007ffe9e28b000 	C:\Xilinx\Vivado\2019.2\lib\win64.o\libXil_lmgr11.dll
0x00007ffeeaa00000 - 0x00007ffeeaaec000 	C:\WINDOWS\System32\COMDLG32.dll
0x00007ffea08c0000 - 0x00007ffea09d4000 	C:\Xilinx\Vivado\2019.2\lib\win64.o\libboost_regex.dll
0x00007ffeeab60000 - 0x00007ffeeaed8000 	C:\WINDOWS\System32\combase.dll
0x00007ffeeb050000 - 0x00007ffeeb13a000 	C:\WINDOWS\System32\shcore.dll
0x00007ffeeaee0000 - 0x00007ffeeaf3d000 	C:\WINDOWS\System32\SHLWAPI.dll
0x00007ffee9490000 - 0x00007ffee9566000 	C:\WINDOWS\System32\OLEAUT32.dll
0x00007ffee95e0000 - 0x00007ffee977a000 	C:\WINDOWS\System32\ole32.dll
0x00007ffee90f0000 - 0x00007ffee9156000 	C:\WINDOWS\System32\WINTRUST.dll
0x00007ffee9160000 - 0x00007ffee92c2000 	C:\WINDOWS\System32\CRYPT32.dll
0x00007ffee8210000 - 0x00007ffee8237000 	C:\WINDOWS\SYSTEM32\bcrypt.dll
0x00007ffec7990000 - 0x00007ffec79a4000 	C:\Xilinx\Vivado\2019.2\lib\win64.o\libboost_signals.dll
0x00007ffec7970000 - 0x00007ffec7984000 	C:\Xilinx\Vivado\2019.2\lib\win64.o\libboost_date_time.dll
0x0000000077360000 - 0x000000007748b000 	C:\Xilinx\Vivado\2019.2\lib\win64.o\tcl85t.dll
0x00007ffec7940000 - 0x00007ffec7961000 	C:\Xilinx\Vivado\2019.2\lib\win64.o\libboost_thread.dll
0x00007ffec7cf0000 - 0x00007ffec7cff000 	C:\Xilinx\Vivado\2019.2\lib\win64.o\libboost_xilinx.dll
0x00007ffe5fa50000 - 0x00007ffe5fdbe000 	C:\Xilinx\Vivado\2019.2\lib\win64.o\libCOIN-all.dll
0x00007ffeb1670000 - 0x00007ffeb16ef000 	C:\Xilinx\Vivado\2019.2\lib\win64.o\libboost_program_options.dll
0x00007ffe9df20000 - 0x00007ffe9dfa2000 	C:\Xilinx\Vivado\2019.2\lib\win64.o\libhdlpsolve.dll
0x00007ffec7910000 - 0x00007ffec793e000 	C:\Xilinx\Vivado\2019.2\lib\win64.o\libisl_sysinfo.dll
0x00007ffe9da90000 - 0x00007ffe9db35000 	C:\Xilinx\Vivado\2019.2\lib\win64.o\libhdxml.dll
0x00007ffeb5fc0000 - 0x00007ffeb6025000 	C:\Xilinx\Vivado\2019.2\lib\win64.o\liblmx6.0.dll
0x00007ffec78f0000 - 0x00007ffec790a000 	C:\Xilinx\Vivado\2019.2\lib\win64.o\pthreadVC2.dll
0x00007ffec7740000 - 0x00007ffec7761000 	C:\Xilinx\Vivado\2019.2\lib\win64.o\librdizlib.dll
0x00007ffec7720000 - 0x00007ffec773c000 	C:\Xilinx\Vivado\2019.2\lib\win64.o\librdiconfig.dll
0x00007ffed7b60000 - 0x00007ffed7b78000 	C:\WINDOWS\SYSTEM32\NETAPI32.dll
0x00007ffecf000000 - 0x00007ffecf4fa000 	C:\WINDOWS\SYSTEM32\WININET.dll
0x00007ffee30f0000 - 0x00007ffee31fc000 	C:\WINDOWS\SYSTEM32\WINHTTP.dll
0x00007ffee1c70000 - 0x00007ffee1e5e000 	C:\WINDOWS\SYSTEM32\urlmon.dll
0x0000000012000000 - 0x0000000012270000 	C:\Xilinx\Vivado\2019.2\lib\win64.o\xerces-c_3_1.dll
0x00007ffec78e0000 - 0x00007ffec78e9000 	C:\WINDOWS\SYSTEM32\WSOCK32.dll
0x00007ffec7610000 - 0x00007ffec763e000 	C:\WINDOWS\SYSTEM32\VCOMP140.DLL
0x00007ffeaee80000 - 0x00007ffeaef32000 	C:\WINDOWS\WinSxS\amd64_microsoft.windows.common-controls_6595b64144ccf1df_5.82.22000.1_none_271a8fad6a2d1b1e\COMCTL32.dll
0x00007ffee3f40000 - 0x00007ffee3f5e000 	C:\WINDOWS\SYSTEM32\dhcpcsvc.DLL
0x00007ffe49cc0000 - 0x00007ffe4ab51000 	C:\Xilinx\Vivado\2019.2\lib\win64.o\gurobi65.dll
0x00007ffee1950000 - 0x00007ffee1c02000 	C:\WINDOWS\SYSTEM32\iertutil.dll
0x00007ffee1c40000 - 0x00007ffee1c68000 	C:\WINDOWS\SYSTEM32\srvcli.dll
0x00007ffee7510000 - 0x00007ffee751c000 	C:\WINDOWS\SYSTEM32\netutils.dll
0x00007ffec7830000 - 0x00007ffec783d000 	C:\Xilinx\Vivado\2019.2\lib\win64.o\libboost_chrono.dll
0x00007ffe490c0000 - 0x00007ffe49cbc200 	C:\Xilinx\Vivado\2019.2\lib\win64.o\libisl_iostreams.dll
0x00007ffec75f0000 - 0x00007ffec760b000 	C:\Xilinx\Vivado\2019.2\lib\win64.o\libboost_iostreams.dll
0x00007ffec7180000 - 0x00007ffec71a5000 	C:\Xilinx\Vivado\2019.2\lib\win64.o\libisl_iosutils.dll
0x00007ffeeaf40000 - 0x00007ffeeaf71000 	C:\WINDOWS\System32\IMM32.DLL
0x00007ffee80f0000 - 0x00007ffee8102000 	C:\WINDOWS\SYSTEM32\MSASN1.dll
0x00007ffee7a40000 - 0x00007ffee7a58000 	C:\WINDOWS\SYSTEM32\kernel.appcore.dll
0x00007ffe550c0000 - 0x00007ffe555d7000 	C:\Xilinx\Vivado\2019.2\lib\win64.o\librdi_commontasks.dll
0x00007ffee0e90000 - 0x00007ffee0e9a000 	C:\WINDOWS\SYSTEM32\VERSION.dll
0x00000000764e0000 - 0x0000000076f05000 	C:\Xilinx\Vivado\2019.2\tps\win64\jre9.0.4\bin\server\jvm.dll
0x00007ffeea8a0000 - 0x00007ffeea8a8000 	C:\WINDOWS\System32\PSAPI.DLL
0x00007ffee2e70000 - 0x00007ffee2ea3000 	C:\WINDOWS\SYSTEM32\WINMM.dll
0x00007ffe9d9a0000 - 0x00007ffe9da8f000 	C:\WINDOWS\SYSTEM32\MSVCR120.dll
0x00007ffe94020000 - 0x00007ffe94303000 	C:\Xilinx\Vivado\2019.2\lib\win64.o\librdi_sio.dll
0x00007ffee7590000 - 0x00007ffee75bd000 	C:\WINDOWS\SYSTEM32\IPHLPAPI.DLL
0x00007ffee7e50000 - 0x00007ffee7eb7000 	C:\WINDOWS\SYSTEM32\MSWSOCK.DLL
0x00007ffee6a80000 - 0x00007ffee72e7000 	C:\WINDOWS\SYSTEM32\windows.storage.dll
0x00007ffee66d0000 - 0x00007ffee6836000 	C:\WINDOWS\SYSTEM32\wintypes.dll
0x00007ffe41f80000 - 0x00007ffe446c5000 	C:\Xilinx\Vivado\2019.2\lib\win64.o\librdi_tcltasks.dll
0x00007ffea1df0000 - 0x00007ffea1e6b000 	C:\Xilinx\Vivado\2019.2\lib\win64.o\librdi_boarddep.dll
0x00007ffe9d800000 - 0x00007ffe9d952000 	C:\Xilinx\Vivado\2019.2\lib\win64.o\librdi_cd_client.dll
0x00007ffe99f40000 - 0x00007ffe9a0dd000 	C:\Xilinx\Vivado\2019.2\lib\win64.o\librdi_board.dll
0x00007ffe48c00000 - 0x00007ffe490b4000 	C:\Xilinx\Vivado\2019.2\lib\win64.o\librdi_bitstream.dll
0x00007ffe9bf10000 - 0x00007ffe9bfff000 	C:\Xilinx\Vivado\2019.2\lib\win64.o\librdi_chipscope.dll
0x00007ffe93df0000 - 0x00007ffe93fb0000 	C:\Xilinx\Vivado\2019.2\lib\win64.o\librdi_chipscopeimpl.dll
0x00007ffe536f0000 - 0x00007ffe53a14000 	C:\Xilinx\Vivado\2019.2\lib\win64.o\librdi_containers.dll
0x00007ffe404a0000 - 0x00007ffe41f7a000 	C:\Xilinx\Vivado\2019.2\lib\win64.o\librdi_constraints.dll
0x00007ffe3bed0000 - 0x00007ffe3dec0000 	C:\Xilinx\Vivado\2019.2\lib\win64.o\librdi_coregen.dll
0x00007ffe3fdc0000 - 0x00007ffe40499000 	C:\Xilinx\Vivado\2019.2\lib\win64.o\librdi_coregenipxact.dll
0x00007ffe27320000 - 0x00007ffe3becb000 	C:\Xilinx\Vivado\2019.2\lib\win64.o\librdi_device.dll
0x00007ffe23050000 - 0x00007ffe2731b000 	C:\Xilinx\Vivado\2019.2\lib\win64.o\librdi_designutils.dll
0x00007ffe482b0000 - 0x00007ffe485fa000 	C:\Xilinx\Vivado\2019.2\lib\win64.o\librdi_dlyest.dll
0x00007ffe9d5d0000 - 0x00007ffe9d694000 	C:\Xilinx\Vivado\2019.2\lib\win64.o\librdi_dsp.dll
0x00007ffe3f7f0000 - 0x00007ffe3fdbd000 	C:\Xilinx\Vivado\2019.2\lib\win64.o\librdi_drc.dll
0x00007ffe3f4e0000 - 0x00007ffe3f7f0000 	C:\Xilinx\Vivado\2019.2\lib\win64.o\librdi_guitools.dll
0x00007ffeb1600000 - 0x00007ffeb166a000 	C:\Xilinx\Vivado\2019.2\lib\win64.o\librdi_hdf.dll
0x00007ffe54ea0000 - 0x00007ffe550c0000 	C:\Xilinx\Vivado\2019.2\lib\win64.o\librdi_hip_devdesign.dll
0x00007ffe3ee70000 - 0x00007ffe3f4db000 	C:\Xilinx\Vivado\2019.2\lib\win64.o\librdi_filemgmt.dll
0x00007ffe91a20000 - 0x00007ffe91b68000 	C:\Xilinx\Vivado\2019.2\lib\win64.o\librdi_hip_perf_analysis.dll
0x00007ffe22a10000 - 0x00007ffe23041000 	C:\Xilinx\Vivado\2019.2\lib\win64.o\librdi_memdata.dll
0x00007ffe212a0000 - 0x00007ffe22a0d000 	C:\Xilinx\Vivado\2019.2\lib\win64.o\librdi_implflow.dll
0x00007ffe9f480000 - 0x00007ffe9f4f4000 	C:\Xilinx\Vivado\2019.2\lib\win64.o\librdi_memoryarray.dll
0x00007ffe20bb0000 - 0x00007ffe21293000 	C:\Xilinx\Vivado\2019.2\lib\win64.o\librdi_netlist.dll
0x00007ffeaf210000 - 0x00007ffeaf25c000 	C:\Xilinx\Vivado\2019.2\lib\win64.o\librdi_pfi.dll
0x00007ffe1dde0000 - 0x00007ffe20bab000 	C:\Xilinx\Vivado\2019.2\lib\win64.o\librdi_mig.dll
0x00007ffe3eb50000 - 0x00007ffe3ee6b000 	C:\Xilinx\Vivado\2019.2\lib\win64.o\librdi_platform.dll
0x00007ffe1d5d0000 - 0x00007ffe1dddb000 	C:\Xilinx\Vivado\2019.2\lib\win64.o\librdi_power.dll
0x00007ffe1ad00000 - 0x00007ffe1d5c7000 	C:\Xilinx\Vivado\2019.2\lib\win64.o\librdi_place.dll
0x00007ffe1a740000 - 0x00007ffe1acfa000 	C:\Xilinx\Vivado\2019.2\lib\win64.o\librdi_project.dll
0x00007ffe1a000000 - 0x00007ffe1a733000 	C:\Xilinx\Vivado\2019.2\lib\win64.o\librdi_psta.dll
0x00007ffe19540000 - 0x00007ffe19963000 	C:\Xilinx\Vivado\2019.2\lib\win64.o\librdi_runs.dll
0x00007ffe8ac60000 - 0x00007ffe8ad68000 	C:\Xilinx\Vivado\2019.2\lib\win64.o\librdi_runsbase.dll
0x00007ffe17030000 - 0x00007ffe176f1000 	C:\Xilinx\Vivado\2019.2\lib\win64.o\librdi_rsb.dll
0x00007ffe48980000 - 0x00007ffe48bf5000 	C:\Xilinx\Vivado\2019.2\lib\win64.o\librdi_simdata.dll
0x00007ffe62730000 - 0x00007ffe628d0000 	C:\Xilinx\Vivado\2019.2\lib\win64.o\librdi_cd_protocol.dll
0x00007ffead850000 - 0x00007ffead89c000 	C:\Xilinx\Vivado\2019.2\lib\win64.o\libboost_serialization.dll
0x00007ffe3e9a0000 - 0x00007ffe3eb41000 	C:\Xilinx\Vivado\2019.2\lib\win64.o\librdi_advchipscopeimpl.dll
0x00007ffe161a0000 - 0x00007ffe1702d000 	C:\Xilinx\Vivado\2019.2\lib\win64.o\librdi_timing.dll
0x00007ffeacce0000 - 0x00007ffeacd2a000 	C:\Xilinx\Vivado\2019.2\lib\win64.o\librdi_noc_frameworks.dll
0x00007ffe61b90000 - 0x00007ffe61c67000 	C:\Xilinx\Vivado\2019.2\lib\win64.o\librdi_ipconfig_readwrite.dll
0x00007ffe3e270000 - 0x00007ffe3e454000 	C:\Xilinx\Vivado\2019.2\lib\win64.o\librdi_hip_config.dll
0x00007ffe18ff0000 - 0x00007ffe1953e000 	C:\Xilinx\Vivado\2019.2\lib\win64.o\librdi_xdm.dll
0x00007ffe14f70000 - 0x00007ffe15ab7000 	C:\Xilinx\Vivado\2019.2\lib\win64.o\libverific.dll
0x00007ffea1ce0000 - 0x00007ffea1d2a000 	C:\Xilinx\Vivado\2019.2\lib\win64.o\librdi_wavedata_SimpleApi.dll
0x00007ffe5ff00000 - 0x00007ffe5ffcc000 	C:\Xilinx\Vivado\2019.2\lib\win64.o\libsqlite3.28.0.dll

VM Arguments:
jvm_args: -Dsun.java2d.pmoffscreen=false -Dsun.java2d.xrender=false -Dsun.java2d.d3d=false -Dsun.awt.nopixfmt=true -Dsun.java2d.dpiaware=true -Dsun.java2d.uiScale.enabled=false -Xverify:none -Dswing.aatext=true -XX:-UsePerfData -Djdk.map.althashing.threshold=512 -XX:StringTableSize=4072 --add-opens=java.base/java.nio=ALL-UNNAMED --add-opens=java.desktop/sun.swing=ALL-UNNAMED --add-opens=java.desktop/javax.swing=ALL-UNNAMED --add-opens=java.desktop/javax.swing.tree=ALL-UNNAMED --add-opens=java.desktop/javax.swing.plaf.basic=ALL-UNNAMED --add-opens=java.desktop/javax.swing.plaf.synth=ALL-UNNAMED --add-opens=java.desktop/com.sun.awt=ALL-UNNAMED -XX:NewSize=60m -XX:MaxNewSize=60m -Xms128m -Xmx3072m -Xss5m 
java_command: <unknown>
java_class_path (initial): C:/Xilinx/Vivado/2019.2\lib\classes\alloy.jar;C:/Xilinx/Vivado/2019.2\lib\classes\autoesl-common.jar;C:/Xilinx/Vivado/2019.2\lib\classes\autoesl-models.jar;C:/Xilinx/Vivado/2019.2\lib\classes\autoesl-report.jar;C:/Xilinx/Vivado/2019.2\lib\classes\autopilot.scelaborator.jar;C:/Xilinx/Vivado/2019.2\lib\classes\autopilot.sourceprocessor.jar;C:/Xilinx/Vivado/2019.2\lib\classes\autopilot.tbprocessor.jar;C:/Xilinx/Vivado/2019.2\lib\classes\batik-anim.jar;C:/Xilinx/Vivado/2019.2\lib\classes\batik-awt-util.jar;C:/Xilinx/Vivado/2019.2\lib\classes\batik-bridge.jar;C:/Xilinx/Vivado/2019.2\lib\classes\batik-codec.jar;C:/Xilinx/Vivado/2019.2\lib\classes\batik-css.jar;C:/Xilinx/Vivado/2019.2\lib\classes\batik-dom.jar;C:/Xilinx/Vivado/2019.2\lib\classes\batik-ext.jar;C:/Xilinx/Vivado/2019.2\lib\classes\batik-gui-util.jar;C:/Xilinx/Vivado/2019.2\lib\classes\batik-gvt.jar;C:/Xilinx/Vivado/2019.2\lib\classes\batik-parser.jar;C:/Xilinx/Vivado/2019.2\lib\classes\batik-script.jar;C:/Xilinx/Vivado/2019.2\lib\classes\batik-svg-dom.jar;C:/Xilinx/Vivado/2019.2\lib\classes\batik-swing.jar;C:/Xilinx/Vivado/2019.2\lib\classes\batik-transcoder.jar;C:/Xilinx/Vivado/2019.2\lib\classes\batik-util.jar;C:/Xilinx/Vivado/2019.2\lib\classes\batik-xml.jar;C:/Xilinx/Vivado/2019.2\lib\classes\com.google.gson_2.7.0.v20170129-0911.jar;C:/Xilinx/Vivado/2019.2\lib\classes\com.google.guava_21.0.0.v20170206-1425.jar;C:/Xilinx/Vivado/2019.2\lib\classes\com.ibm.icu_4.4.2.v20110208.jar;C:/Xilinx/Vivado/2019.2\lib\classes\com.sigasi.hdt.connection_4.5.0.201909241521.jar;C:/Xilinx/Vivado/2019.2\lib\classes\com.sigasi.hdt.epl_4.5.0.201909241521.jar;C:/Xilinx/Vivado/2019.2\lib\classes\com.sigasi.hdt.project_4.5.0.201909241521.jar;C:/Xilinx/Vivado/2019.2\lib\classes\com.sigasi.hdt.readonlyfilesystem_4.5.0.201909241521.jar;C:/Xilinx/Vivado/2019.2\lib\classes\com.sigasi.lcm_4.5.0.201909241521.jar;C:/Xilinx/Vivado/2019.2\lib\classes\com.sigasi.sdk.client_4.5.0.201909241521.jar;C:/Xilinx/Vivado
Launcher Type: generic

Logging:
Log output configuration:
#0: stdout all=warning uptime,level,tags
#1: stderr all=off uptime,level,tags

Environment Variables:
PATH=C:/Xilinx/Vivado/2019.2\gnuwin\bin;C:/Xilinx/Vivado/2019.2\gnu\microblaze\nt\bin;C:/Xilinx/Vivado/2019.2/bin;C:/Xilinx/Vivado/2019.2/lib/win64.o;C:/Xilinx/Vivado/2019.2/tps/win64/jre9.0.4/bin/server;C:/Xilinx/Vivado/2019.2/tps/win64/jre9.0.4/bin;C:/Xilinx/Vivado/2019.2/ids_lite/ISE/bin/nt64;C:/Xilinx/Vivado/2019.2/ids_lite/ISE/lib/nt64;C:\Program Files\Common Files\Oracle\Java\javapath;C:\Program Files (x86)\Common Files\Oracle\Java\javapath;C:\Program Files (x86)\Intel\iCLS Client\;C:\Program Files\Intel\iCLS Client\;C:\WINDOWS\system32;C:\WINDOWS;C:\WINDOWS\System32\Wbem;C:\WINDOWS\System32\WindowsPowerShell\v1.0\;C:\WINDOWS\System32\OpenSSH\;C:\Program Files (x86)\Intel\Intel(R) Management Engine Components\DAL;C:\Program Files\Intel\Intel(R) Management Engine Components\DAL;C:\Program Files (x86)\Intel\Intel(R) Management Engine Components\IPT;C:\Program Files\Intel\Intel(R) Management Engine Components\IPT;C:\Program Files\MATLAB\R2021a\bin;C:\Program Files\MATLAB\R2020a\bin;C:\Program Files\PuTTY\;C:\Users\itama\AppData\Local\Microsoft\WindowsApps;C:\Users\itama\AppData\Local\GitHubDesktop\bin;C:\Users\itama\AppData\Local\Programs\Microsoft VS Code\bin;C:\Program Files\mingw-w64\x86_64-8.1.0-posix-seh-rt_v6-rev0\mingw64\bin;;C:/Xilinx/Vivado/2019.2\tps\mingw\6.2.0\win64.o\nt\bin;C:/Xilinx/Vivado/2019.2\tps\mingw\6.2.0\win64.o\nt\libexec\gcc\x86_64-w64-mingw32\6.2.0;C:/Xilinx/Vivado/2019.2\tps\win64\python-2.7.5;C:/Xilinx/Vivado/2019.2\tps\win64\python-2.7.5\bin;C:/Xilinx/Vivado/2019.2\tps\win64\python-2.7.5\lib;C:/Xilinx/Vivado/2019.2\tps\win64\python-2.7.5\Lib\lib-tk;C:/Xilinx/Vivado/2019.2\tps\win64\python-2.7.5\lib\site-packages
USERNAME=itama
OS=Windows_NT
PROCESSOR_IDENTIFIER=Intel64 Family 6 Model 142 Stepping 10, GenuineIntel



---------------  S Y S T E M  ---------------

OS: Windows 10 , 64 bit Build 22000 (10.0.22000.318)

CPU:total 8 (initial active 8) (4 cores per cpu, 2 threads per core) family 6 model 142 stepping 10, cmov, cx8, fxsr, mmx, sse, sse2, sse3, ssse3, sse4.1, sse4.2, popcnt, avx, avx2, aes, clmul, erms, 3dnowpref, lzcnt, ht, tsc, tscinvbit, bmi1, bmi2, adx, fma

Memory: 4k page, physical 8295652k(1925476k free), swap 17485280k(6257312k free)

vm_info: Java HotSpot(TM) 64-Bit Server VM (9.0.4+11) for windows-amd64 JRE (9.0.4+11), built on Dec 20 2017 02:18:54 by "mach5one" with MS VC++ 12.0 (VS2013)

END.
