Vivado Simulator 2019.2
Copyright 1986-1999, 2001-2019 Xilinx, Inc. All Rights Reserved.
Running: C:/Xilinx/Vivado/2019.2/bin/unwrapped/win64.o/xelab.exe -wto eec2ad925c0e47d680bf0711a80a39bf --incr --debug typical --relax --mt 2 -L xil_defaultlib -L secureip --snapshot SwitchMultistadio_TB_behav xil_defaultlib.SwitchMultistadio_TB -log elaborate.log 
Using 2 slave threads.
Starting static elaboration
Completed static elaboration
Starting simulation data flow analysis
Completed simulation data flow analysis
Time Resolution for simulation is 1ps
Compiling package std.standard
Compiling package std.textio
Compiling package ieee.std_logic_1164
Compiling architecture dataflow of entity xil_defaultlib.Arbitro [arbitro_default]
Compiling architecture structural of entity xil_defaultlib.ControlUnit [controlunit_default]
Compiling architecture dataflow of entity xil_defaultlib.Mux [\Mux(n=8)\]
Compiling architecture dataflow of entity xil_defaultlib.Demux [\Demux(n=8)\]
Compiling architecture structural of entity xil_defaultlib.Switch [switch_default]
Compiling architecture structural of entity xil_defaultlib.UnitaOperativa [unitaoperativa_default]
Compiling architecture structural of entity xil_defaultlib.SwitchMultistadio [switchmultistadio_default]
Compiling architecture behavioral of entity xil_defaultlib.switchmultistadio_tb
Built simulation snapshot SwitchMultistadio_TB_behav
