Vivado Simulator 2019.2
Copyright 1986-1999, 2001-2019 Xilinx, Inc. All Rights Reserved.
Running: C:/Xilinx/Vivado/2019.2/bin/unwrapped/win64.o/xelab.exe -wto 5e5048c84787487384c38b509e36a95b --incr --debug typical --relax --mt 2 -L xil_defaultlib -L secureip --snapshot moltiplicatore_tb_behav xil_defaultlib.moltiplicatore_tb -log elaborate.log 
Using 2 slave threads.
Starting static elaboration
Completed static elaboration
Starting simulation data flow analysis
Completed simulation data flow analysis
Time Resolution for simulation is 1ps
Compiling package std.standard
Compiling package std.textio
Compiling package ieee.std_logic_1164
Compiling package ieee.numeric_std
Compiling package ieee.math_real
Compiling package ieee.std_logic_arith
Compiling package ieee.std_logic_unsigned
Compiling architecture behavioral of entity xil_defaultlib.ControlUnit [controlunit_default]
Compiling architecture behavioral of entity xil_defaultlib.shift_register [shift_register_default]
Compiling architecture behavioral of entity xil_defaultlib.registro [registro_default]
Compiling architecture dataflow of entity xil_defaultlib.full_adder [full_adder_default]
Compiling architecture structural of entity xil_defaultlib.ripple_carry_adder [ripple_carry_adder_default]
Compiling architecture behavioral of entity xil_defaultlib.counter [counter_default]
Compiling architecture dataflow of entity xil_defaultlib.mux [mux_default]
Compiling architecture behavioral of entity xil_defaultlib.ff_sign [ff_sign_default]
Compiling architecture structural of entity xil_defaultlib.datapath [datapath_default]
Compiling architecture structural of entity xil_defaultlib.moltiplicatore_robertson [moltiplicatore_robertson_default]
Compiling architecture behavioral of entity xil_defaultlib.moltiplicatore_tb
Built simulation snapshot moltiplicatore_tb_behav
