INFO: [VRFC 10-163] Analyzing VHDL file "C:/Users/itama/Documents/Architettura_dei_Sistemi_Digitali_2021/MoltiplicatoreRobertson/MoltiplicatoreRobertson.srcs/sources_1/new/ControlUnit.vhd" into library xil_defaultlib
INFO: [VRFC 10-3107] analyzing entity 'ControlUnit'
INFO: [VRFC 10-163] Analyzing VHDL file "C:/Users/itama/Documents/Architettura_dei_Sistemi_Digitali_2021/MoltiplicatoreRobertson/MoltiplicatoreRobertson.srcs/sources_1/new/Datapath.vhd" into library xil_defaultlib
INFO: [VRFC 10-3107] analyzing entity 'datapath'
INFO: [VRFC 10-163] Analyzing VHDL file "C:/Users/itama/Documents/Architettura_dei_Sistemi_Digitali_2021/MoltiplicatoreRobertson/MoltiplicatoreRobertson.srcs/sources_1/new/counter.vhd" into library xil_defaultlib
INFO: [VRFC 10-3107] analyzing entity 'counter'
INFO: [VRFC 10-163] Analyzing VHDL file "C:/Users/itama/Documents/Architettura_dei_Sistemi_Digitali_2021/MoltiplicatoreRobertson/MoltiplicatoreRobertson.srcs/sources_1/new/ff_sign.vhd" into library xil_defaultlib
INFO: [VRFC 10-3107] analyzing entity 'ff_sign'
INFO: [VRFC 10-163] Analyzing VHDL file "C:/Users/itama/Documents/Architettura_dei_Sistemi_Digitali_2021/MoltiplicatoreRobertson/MoltiplicatoreRobertson.srcs/sources_1/new/full_adder.vhd" into library xil_defaultlib
INFO: [VRFC 10-3107] analyzing entity 'full_adder'
INFO: [VRFC 10-163] Analyzing VHDL file "C:/Users/itama/Documents/Architettura_dei_Sistemi_Digitali_2021/MoltiplicatoreRobertson/MoltiplicatoreRobertson.srcs/sources_1/new/moltiplicatore_robertson.vhd" into library xil_defaultlib
INFO: [VRFC 10-3107] analyzing entity 'moltiplicatore_robertson'
INFO: [VRFC 10-163] Analyzing VHDL file "C:/Users/itama/Documents/Architettura_dei_Sistemi_Digitali_2021/MoltiplicatoreRobertson/MoltiplicatoreRobertson.srcs/sources_1/new/mux.vhd" into library xil_defaultlib
INFO: [VRFC 10-3107] analyzing entity 'mux'
INFO: [VRFC 10-163] Analyzing VHDL file "C:/Users/itama/Documents/Architettura_dei_Sistemi_Digitali_2021/MoltiplicatoreRobertson/MoltiplicatoreRobertson.srcs/sources_1/new/registro.vhd" into library xil_defaultlib
INFO: [VRFC 10-3107] analyzing entity 'registro'
INFO: [VRFC 10-163] Analyzing VHDL file "C:/Users/itama/Documents/Architettura_dei_Sistemi_Digitali_2021/MoltiplicatoreRobertson/MoltiplicatoreRobertson.srcs/sources_1/new/ripple_carry_adder.vhd" into library xil_defaultlib
INFO: [VRFC 10-3107] analyzing entity 'ripple_carry_adder'
INFO: [VRFC 10-163] Analyzing VHDL file "C:/Users/itama/Documents/Architettura_dei_Sistemi_Digitali_2021/MoltiplicatoreRobertson/MoltiplicatoreRobertson.srcs/sources_1/new/shift_register.vhd" into library xil_defaultlib
INFO: [VRFC 10-3107] analyzing entity 'shift_register'
INFO: [VRFC 10-163] Analyzing VHDL file "C:/Users/itama/Documents/Architettura_dei_Sistemi_Digitali_2021/MoltiplicatoreRobertson/MoltiplicatoreRobertson.srcs/sim_1/new/moltiplicatore_tb.vhd" into library xil_defaultlib
INFO: [VRFC 10-3107] analyzing entity 'moltiplicatore_tb'
