Vivado Simulator 2019.2
Copyright 1986-1999, 2001-2019 Xilinx, Inc. All Rights Reserved.
Running: C:/Xilinx/Vivado/2019.2/bin/unwrapped/win64.o/xelab.exe -wto 631238a6dfc340a686e2b023532116ab --incr --debug typical --relax --mt 2 -L xil_defaultlib -L secureip --snapshot uart_on_board_TB_behav xil_defaultlib.uart_on_board_TB -log elaborate.log 
Using 2 slave threads.
Starting static elaboration
Completed static elaboration
Starting simulation data flow analysis
Completed simulation data flow analysis
Time Resolution for simulation is 1ps
Compiling package std.standard
Compiling package std.textio
Compiling package ieee.std_logic_1164
Compiling package ieee.numeric_std
Compiling package ieee.math_real
Compiling package ieee.std_logic_arith
Compiling package ieee.std_logic_unsigned
Compiling architecture behavioral of entity xil_defaultlib.ButtonDebouncer [\ButtonDebouncer(btn_noise_time=...]
Compiling architecture behavioral of entity xil_defaultlib.counter [counter_default]
Compiling architecture behavioral of entity xil_defaultlib.ROM [rom_default]
Compiling architecture behavioral of entity xil_defaultlib.A_CU [a_cu_default]
Compiling architecture behavioral of entity xil_defaultlib.UARTcomponent [uartcomponent_default]
Compiling architecture structural of entity xil_defaultlib.nodo_A [nodo_a_default]
Compiling architecture behavioral of entity xil_defaultlib.Memory [\Memory(n=8)\]
Compiling architecture behavioral of entity xil_defaultlib.B_CU [b_cu_default]
Compiling architecture structural of entity xil_defaultlib.nodo_B [nodo_b_default]
Compiling architecture structural of entity xil_defaultlib.uart_on_board [uart_on_board_default]
Compiling architecture behavioral of entity xil_defaultlib.uart_on_board_tb
Built simulation snapshot uart_on_board_TB_behav
