#-----------------------------------------------------------
# Vivado v2019.2 (64-bit)
# SW Build 2708876 on Wed Nov  6 21:40:23 MST 2019
# IP Build 2700528 on Thu Nov  7 00:09:20 MST 2019
# Start of session at: Sat Dec 18 22:45:25 2021
# Process ID: 16628
# Current directory: C:/Users/itama/Desktop/Architettura dei Sistemi Digitali/Encoder_BCD
# Command line: vivado.exe -gui_launcher_event rodinguilauncherevent7748 C:\Users\itama\Desktop\Architettura dei Sistemi Digitali\Encoder_BCD\Encoder_BCD.xpr
# Log file: C:/Users/itama/Desktop/Architettura dei Sistemi Digitali/Encoder_BCD/vivado.log
# Journal file: C:/Users/itama/Desktop/Architettura dei Sistemi Digitali/Encoder_BCD\vivado.jou
#-----------------------------------------------------------
start_gui
open_project {C:/Users/itama/Desktop/Architettura dei Sistemi Digitali/Encoder_BCD/Encoder_BCD.xpr}
Scanning sources...
Finished scanning sources
INFO: [IP_Flow 19-234] Refreshing IP repositories
INFO: [IP_Flow 19-1704] No user IP repositories specified
INFO: [IP_Flow 19-2313] Loaded Vivado IP repository 'C:/Xilinx/Vivado/2019.2/data/ip'.
open_project: Time (s): cpu = 00:00:17 ; elapsed = 00:00:10 . Memory (MB): peak = 949.887 ; gain = 278.410
update_compile_order -fileset sources_1
exit
INFO: [Common 17-206] Exiting Vivado at Sat Dec 18 22:46:24 2021...
