#-----------------------------------------------------------
# Vivado v2019.2 (64-bit)
# SW Build 2708876 on Wed Nov  6 21:40:23 MST 2019
# IP Build 2700528 on Thu Nov  7 00:09:20 MST 2019
# Start of session at: Sat Dec 18 10:00:36 2021
# Process ID: 11380
# Current directory: C:/Users/itama/Desktop/Architettura dei Sistemi Digitali/Encoder_BCD
# Command line: vivado.exe -gui_launcher_event rodinguilauncherevent15288 C:\Users\itama\Desktop\Architettura dei Sistemi Digitali\Encoder_BCD\Encoder_BCD.xpr
# Log file: C:/Users/itama/Desktop/Architettura dei Sistemi Digitali/Encoder_BCD/vivado.log
# Journal file: C:/Users/itama/Desktop/Architettura dei Sistemi Digitali/Encoder_BCD\vivado.jou
#-----------------------------------------------------------
start_gui
open_project {C:/Users/itama/Desktop/Architettura dei Sistemi Digitali/Encoder_BCD/Encoder_BCD.xpr}
Scanning sources...
Finished scanning sources
INFO: [IP_Flow 19-234] Refreshing IP repositories
INFO: [IP_Flow 19-1704] No user IP repositories specified
INFO: [IP_Flow 19-2313] Loaded Vivado IP repository 'C:/Xilinx/Vivado/2019.2/data/ip'.
open_project: Time (s): cpu = 00:00:16 ; elapsed = 00:00:10 . Memory (MB): peak = 944.039 ; gain = 288.305
update_compile_order -fileset sources_1
open_run impl_1
INFO: [Device 21-403] Loading part xc7a100tcsg324-1
Netlist sorting complete. Time (s): cpu = 00:00:00 ; elapsed = 00:00:00.001 . Memory (MB): peak = 1282.527 ; gain = 0.000
INFO: [Project 1-479] Netlist was created with Vivado 2019.2
INFO: [Project 1-570] Preparing netlist for logic optimization
INFO: [Timing 38-478] Restoring timing data from binary archive.
INFO: [Timing 38-479] Binary timing data restore complete.
INFO: [Project 1-856] Restoring constraints from binary archive.
INFO: [Project 1-853] Binary constraint restore complete.
Reading XDEF placement.
Reading placer database...
Reading XDEF routing.
Read XDEF File: Time (s): cpu = 00:00:01 ; elapsed = 00:00:00.141 . Memory (MB): peak = 1909.555 ; gain = 0.000
Restored from archive | CPU: 1.000000 secs | Memory: 0.000000 MB |
Finished XDEF File Restore: Time (s): cpu = 00:00:01 ; elapsed = 00:00:00.155 . Memory (MB): peak = 1909.555 ; gain = 0.000
Netlist sorting complete. Time (s): cpu = 00:00:00 ; elapsed = 00:00:00 . Memory (MB): peak = 1909.555 ; gain = 0.000
INFO: [Project 1-111] Unisim Transformation Summary:
No Unisim elements were transformed.

open_run: Time (s): cpu = 00:00:31 ; elapsed = 00:00:31 . Memory (MB): peak = 2073.262 ; gain = 1067.957
WARNING: [Timing 38-313] There are no user specified timing constraints. Timing constraints are needed for proper timing analysis.
close_design
exit
INFO: [Common 17-206] Exiting Vivado at Sat Dec 18 11:55:23 2021...
