Vivado Simulator 2019.2
Copyright 1986-1999, 2001-2019 Xilinx, Inc. All Rights Reserved.
Running: C:/Xilinx/Vivado/2019.2/bin/unwrapped/win64.o/xelab.exe -wto 131010624b4341f7b50e6bbcc6b7e96e --incr --debug typical --relax --mt 2 -L xil_defaultlib -L secureip --snapshot orologio_TB_behav xil_defaultlib.orologio_TB -log elaborate.log 
Using 2 slave threads.
Starting static elaboration
Completed static elaboration
Starting simulation data flow analysis
Completed simulation data flow analysis
Time Resolution for simulation is 1ps
Compiling package std.standard
Compiling package std.textio
Compiling package ieee.std_logic_1164
Compiling package ieee.numeric_std
Compiling package ieee.math_real
Compiling package ieee.std_logic_arith
Compiling package ieee.std_logic_unsigned
Compiling architecture behavioral of entity xil_defaultlib.counter [\counter(m=100000000)\]
Compiling architecture behavioral of entity xil_defaultlib.counter [\counter(m=60)\]
Compiling architecture behavioral of entity xil_defaultlib.counter [\counter(m=24)\]
Compiling architecture structural of entity xil_defaultlib.orologio [orologio_default]
Compiling architecture behavioral of entity xil_defaultlib.orologio_tb
Built simulation snapshot orologio_TB_behav
