
*** Running vivado
    with args -log ConnectionNet.vds -m64 -product Vivado -mode batch -messageDb vivado.pb -notrace -source ConnectionNet.tcl


****** Vivado v2019.2 (64-bit)
  **** SW Build 2708876 on Wed Nov  6 21:40:23 MST 2019
  **** IP Build 2700528 on Thu Nov  7 00:09:20 MST 2019
    ** Copyright 1986-2019 Xilinx, Inc. All Rights Reserved.

source ConnectionNet.tcl -notrace
Command: synth_design -top ConnectionNet -part xc7a100tcsg324-1
Starting synth_design
Attempting to get a license for feature 'Synthesis' and/or device 'xc7a100t'
INFO: [Common 17-349] Got license for feature 'Synthesis' and/or device 'xc7a100t'
INFO: [Device 21-403] Loading part xc7a100tcsg324-1
INFO: Launching helper process for spawning children vivado processes
INFO: Helper process launched with PID 7960 
---------------------------------------------------------------------------------
Starting RTL Elaboration : Time (s): cpu = 00:00:05 ; elapsed = 00:00:09 . Memory (MB): peak = 817.516 ; gain = 234.844
---------------------------------------------------------------------------------
INFO: [Synth 8-638] synthesizing module 'ConnectionNet' [C:/Users/itama/Desktop/Architettura dei Sistemi Digitali/Multiplexer/Multiplexer/Multiplexer.srcs/sources_1/new/ConnectionNet.vhd:43]
INFO: [Synth 8-3491] module 'Mux16_1' declared at 'C:/Users/itama/Desktop/Architettura dei Sistemi Digitali/Multiplexer/Multiplexer/Multiplexer.srcs/sources_1/new/Mux16_1.vhd:34' bound to instance 'Mux' of component 'Mux16_1' [C:/Users/itama/Desktop/Architettura dei Sistemi Digitali/Multiplexer/Multiplexer/Multiplexer.srcs/sources_1/new/ConnectionNet.vhd:65]
INFO: [Synth 8-638] synthesizing module 'Mux16_1' [C:/Users/itama/Desktop/Architettura dei Sistemi Digitali/Multiplexer/Multiplexer/Multiplexer.srcs/sources_1/new/Mux16_1.vhd:41]
INFO: [Synth 8-3491] module 'Mux4_1' declared at 'C:/Users/itama/Desktop/Architettura dei Sistemi Digitali/Multiplexer/Multiplexer/Multiplexer.srcs/sources_1/new/Mux4_1.vhd:34' bound to instance 'M' of component 'Mux4_1' [C:/Users/itama/Desktop/Architettura dei Sistemi Digitali/Multiplexer/Multiplexer/Multiplexer.srcs/sources_1/new/Mux16_1.vhd:54]
INFO: [Synth 8-638] synthesizing module 'Mux4_1' [C:/Users/itama/Desktop/Architettura dei Sistemi Digitali/Multiplexer/Multiplexer/Multiplexer.srcs/sources_1/new/Mux4_1.vhd:42]
INFO: [Synth 8-3491] module 'Mux2_1' declared at 'C:/Users/itama/Desktop/Architettura dei Sistemi Digitali/Multiplexer/Multiplexer/Multiplexer.srcs/sources_1/new/Mux2_1.vhd:34' bound to instance 'M' of component 'Mux2_1' [C:/Users/itama/Desktop/Architettura dei Sistemi Digitali/Multiplexer/Multiplexer/Multiplexer.srcs/sources_1/new/Mux4_1.vhd:55]
INFO: [Synth 8-638] synthesizing module 'Mux2_1' [C:/Users/itama/Desktop/Architettura dei Sistemi Digitali/Multiplexer/Multiplexer/Multiplexer.srcs/sources_1/new/Mux2_1.vhd:42]
INFO: [Synth 8-256] done synthesizing module 'Mux2_1' (1#1) [C:/Users/itama/Desktop/Architettura dei Sistemi Digitali/Multiplexer/Multiplexer/Multiplexer.srcs/sources_1/new/Mux2_1.vhd:42]
INFO: [Synth 8-3491] module 'Mux2_1' declared at 'C:/Users/itama/Desktop/Architettura dei Sistemi Digitali/Multiplexer/Multiplexer/Multiplexer.srcs/sources_1/new/Mux2_1.vhd:34' bound to instance 'M' of component 'Mux2_1' [C:/Users/itama/Desktop/Architettura dei Sistemi Digitali/Multiplexer/Multiplexer/Multiplexer.srcs/sources_1/new/Mux4_1.vhd:55]
INFO: [Synth 8-3491] module 'Mux2_1' declared at 'C:/Users/itama/Desktop/Architettura dei Sistemi Digitali/Multiplexer/Multiplexer/Multiplexer.srcs/sources_1/new/Mux2_1.vhd:34' bound to instance 'M' of component 'Mux2_1' [C:/Users/itama/Desktop/Architettura dei Sistemi Digitali/Multiplexer/Multiplexer/Multiplexer.srcs/sources_1/new/Mux4_1.vhd:63]
INFO: [Synth 8-256] done synthesizing module 'Mux4_1' (2#1) [C:/Users/itama/Desktop/Architettura dei Sistemi Digitali/Multiplexer/Multiplexer/Multiplexer.srcs/sources_1/new/Mux4_1.vhd:42]
INFO: [Synth 8-3491] module 'Mux4_1' declared at 'C:/Users/itama/Desktop/Architettura dei Sistemi Digitali/Multiplexer/Multiplexer/Multiplexer.srcs/sources_1/new/Mux4_1.vhd:34' bound to instance 'M' of component 'Mux4_1' [C:/Users/itama/Desktop/Architettura dei Sistemi Digitali/Multiplexer/Multiplexer/Multiplexer.srcs/sources_1/new/Mux16_1.vhd:54]
INFO: [Synth 8-3491] module 'Mux4_1' declared at 'C:/Users/itama/Desktop/Architettura dei Sistemi Digitali/Multiplexer/Multiplexer/Multiplexer.srcs/sources_1/new/Mux4_1.vhd:34' bound to instance 'M' of component 'Mux4_1' [C:/Users/itama/Desktop/Architettura dei Sistemi Digitali/Multiplexer/Multiplexer/Multiplexer.srcs/sources_1/new/Mux16_1.vhd:54]
INFO: [Synth 8-3491] module 'Mux4_1' declared at 'C:/Users/itama/Desktop/Architettura dei Sistemi Digitali/Multiplexer/Multiplexer/Multiplexer.srcs/sources_1/new/Mux4_1.vhd:34' bound to instance 'M' of component 'Mux4_1' [C:/Users/itama/Desktop/Architettura dei Sistemi Digitali/Multiplexer/Multiplexer/Multiplexer.srcs/sources_1/new/Mux16_1.vhd:54]
INFO: [Synth 8-3491] module 'Mux4_1' declared at 'C:/Users/itama/Desktop/Architettura dei Sistemi Digitali/Multiplexer/Multiplexer/Multiplexer.srcs/sources_1/new/Mux4_1.vhd:34' bound to instance 'M' of component 'Mux4_1' [C:/Users/itama/Desktop/Architettura dei Sistemi Digitali/Multiplexer/Multiplexer/Multiplexer.srcs/sources_1/new/Mux16_1.vhd:62]
INFO: [Synth 8-256] done synthesizing module 'Mux16_1' (3#1) [C:/Users/itama/Desktop/Architettura dei Sistemi Digitali/Multiplexer/Multiplexer/Multiplexer.srcs/sources_1/new/Mux16_1.vhd:41]
INFO: [Synth 8-3491] module 'Demux1_4' declared at 'C:/Users/itama/Desktop/Architettura dei Sistemi Digitali/Multiplexer/Multiplexer/Multiplexer.srcs/sources_1/new/Demux1_4.vhd:34' bound to instance 'Demux' of component 'Demux1_4' [C:/Users/itama/Desktop/Architettura dei Sistemi Digitali/Multiplexer/Multiplexer/Multiplexer.srcs/sources_1/new/ConnectionNet.vhd:71]
INFO: [Synth 8-638] synthesizing module 'Demux1_4' [C:/Users/itama/Desktop/Architettura dei Sistemi Digitali/Multiplexer/Multiplexer/Multiplexer.srcs/sources_1/new/Demux1_4.vhd:42]
INFO: [Synth 8-226] default block is never used [C:/Users/itama/Desktop/Architettura dei Sistemi Digitali/Multiplexer/Multiplexer/Multiplexer.srcs/sources_1/new/Demux1_4.vhd:46]
INFO: [Synth 8-256] done synthesizing module 'Demux1_4' (4#1) [C:/Users/itama/Desktop/Architettura dei Sistemi Digitali/Multiplexer/Multiplexer/Multiplexer.srcs/sources_1/new/Demux1_4.vhd:42]
INFO: [Synth 8-256] done synthesizing module 'ConnectionNet' (5#1) [C:/Users/itama/Desktop/Architettura dei Sistemi Digitali/Multiplexer/Multiplexer/Multiplexer.srcs/sources_1/new/ConnectionNet.vhd:43]
WARNING: [Synth 8-3331] design ConnectionNet has unconnected port X[15]
WARNING: [Synth 8-3331] design ConnectionNet has unconnected port X[14]
WARNING: [Synth 8-3331] design ConnectionNet has unconnected port X[13]
WARNING: [Synth 8-3331] design ConnectionNet has unconnected port X[12]
WARNING: [Synth 8-3331] design ConnectionNet has unconnected port X[11]
WARNING: [Synth 8-3331] design ConnectionNet has unconnected port X[10]
---------------------------------------------------------------------------------
Finished RTL Elaboration : Time (s): cpu = 00:00:06 ; elapsed = 00:00:11 . Memory (MB): peak = 890.398 ; gain = 307.727
---------------------------------------------------------------------------------

Report Check Netlist: 
+------+------------------+-------+---------+-------+------------------+
|      |Item              |Errors |Warnings |Status |Description       |
+------+------------------+-------+---------+-------+------------------+
|1     |multi_driven_nets |      0|        0|Passed |Multi driven nets |
+------+------------------+-------+---------+-------+------------------+
---------------------------------------------------------------------------------
Start Handling Custom Attributes
---------------------------------------------------------------------------------
---------------------------------------------------------------------------------
Finished Handling Custom Attributes : Time (s): cpu = 00:00:06 ; elapsed = 00:00:12 . Memory (MB): peak = 890.398 ; gain = 307.727
---------------------------------------------------------------------------------
---------------------------------------------------------------------------------
Finished RTL Optimization Phase 1 : Time (s): cpu = 00:00:06 ; elapsed = 00:00:12 . Memory (MB): peak = 890.398 ; gain = 307.727
---------------------------------------------------------------------------------
Netlist sorting complete. Time (s): cpu = 00:00:00 ; elapsed = 00:00:00.001 . Memory (MB): peak = 890.398 ; gain = 0.000
INFO: [Project 1-570] Preparing netlist for logic optimization

Processing XDC Constraints
Initializing timing engine
Parsing XDC File [C:/Users/itama/Desktop/Architettura dei Sistemi Digitali/Multiplexer/Multiplexer/Multiplexer.srcs/constrs_1/imports/digilent-xdc-master/Nexys-A7-100T-Master.xdc]
CRITICAL WARNING: [Designutils 20-1307] Command 'xx##' is not supported in the xdc constraint file. [C:/Users/itama/Desktop/Architettura dei Sistemi Digitali/Multiplexer/Multiplexer/Multiplexer.srcs/constrs_1/imports/digilent-xdc-master/Nexys-A7-100T-Master.xdc:1]
Finished Parsing XDC File [C:/Users/itama/Desktop/Architettura dei Sistemi Digitali/Multiplexer/Multiplexer/Multiplexer.srcs/constrs_1/imports/digilent-xdc-master/Nexys-A7-100T-Master.xdc]
INFO: [Project 1-236] Implementation specific constraints were found while reading constraint file [C:/Users/itama/Desktop/Architettura dei Sistemi Digitali/Multiplexer/Multiplexer/Multiplexer.srcs/constrs_1/imports/digilent-xdc-master/Nexys-A7-100T-Master.xdc]. These constraints will be ignored for synthesis but will be used in implementation. Impacted constraints are listed in the file [.Xil/ConnectionNet_propImpl.xdc].
Resolution: To avoid this warning, move constraints listed in [.Xil/ConnectionNet_propImpl.xdc] to another XDC file and exclude this new file from synthesis with the used_in_synthesis property (File Properties dialog in GUI) and re-run elaboration/synthesis.
Completed Processing XDC Constraints

Netlist sorting complete. Time (s): cpu = 00:00:00 ; elapsed = 00:00:00 . Memory (MB): peak = 967.699 ; gain = 0.000
INFO: [Project 1-111] Unisim Transformation Summary:
No Unisim elements were transformed.

Constraint Validation Runtime : Time (s): cpu = 00:00:00 ; elapsed = 00:00:00.004 . Memory (MB): peak = 967.699 ; gain = 0.000
---------------------------------------------------------------------------------
Finished Constraint Validation : Time (s): cpu = 00:00:13 ; elapsed = 00:00:26 . Memory (MB): peak = 967.699 ; gain = 385.027
---------------------------------------------------------------------------------
---------------------------------------------------------------------------------
Start Loading Part and Timing Information
---------------------------------------------------------------------------------
Loading part: xc7a100tcsg324-1
---------------------------------------------------------------------------------
Finished Loading Part and Timing Information : Time (s): cpu = 00:00:13 ; elapsed = 00:00:26 . Memory (MB): peak = 967.699 ; gain = 385.027
---------------------------------------------------------------------------------
---------------------------------------------------------------------------------
Start Applying 'set_property' XDC Constraints
---------------------------------------------------------------------------------
---------------------------------------------------------------------------------
Finished applying 'set_property' XDC Constraints : Time (s): cpu = 00:00:13 ; elapsed = 00:00:26 . Memory (MB): peak = 967.699 ; gain = 385.027
---------------------------------------------------------------------------------
---------------------------------------------------------------------------------
Finished RTL Optimization Phase 2 : Time (s): cpu = 00:00:13 ; elapsed = 00:00:26 . Memory (MB): peak = 967.699 ; gain = 385.027
---------------------------------------------------------------------------------

Report RTL Partitions: 
+-+--------------+------------+----------+
| |RTL Partition |Replication |Instances |
+-+--------------+------------+----------+
+-+--------------+------------+----------+
---------------------------------------------------------------------------------
Start RTL Component Statistics 
---------------------------------------------------------------------------------
Detailed RTL Component Info : 
+---Muxes : 
	   4 Input      4 Bit        Muxes := 1     
---------------------------------------------------------------------------------
Finished RTL Component Statistics 
---------------------------------------------------------------------------------
---------------------------------------------------------------------------------
Start RTL Hierarchical Component Statistics 
---------------------------------------------------------------------------------
Hierarchical RTL Component report 
Module Demux1_4 
Detailed RTL Component Info : 
+---Muxes : 
	   4 Input      4 Bit        Muxes := 1     
---------------------------------------------------------------------------------
Finished RTL Hierarchical Component Statistics
---------------------------------------------------------------------------------
---------------------------------------------------------------------------------
Start Part Resource Summary
---------------------------------------------------------------------------------
Part Resources:
DSPs: 240 (col length:80)
BRAMs: 270 (col length: RAMB18 80 RAMB36 40)
---------------------------------------------------------------------------------
Finished Part Resource Summary
---------------------------------------------------------------------------------
---------------------------------------------------------------------------------
Start Cross Boundary and Area Optimization
---------------------------------------------------------------------------------
Warning: Parallel synthesis criteria is not met 
WARNING: [Synth 8-3331] design ConnectionNet has unconnected port X[15]
WARNING: [Synth 8-3331] design ConnectionNet has unconnected port X[14]
WARNING: [Synth 8-3331] design ConnectionNet has unconnected port X[13]
WARNING: [Synth 8-3331] design ConnectionNet has unconnected port X[12]
WARNING: [Synth 8-3331] design ConnectionNet has unconnected port X[11]
WARNING: [Synth 8-3331] design ConnectionNet has unconnected port X[10]
---------------------------------------------------------------------------------
Finished Cross Boundary and Area Optimization : Time (s): cpu = 00:00:15 ; elapsed = 00:00:29 . Memory (MB): peak = 967.699 ; gain = 385.027
---------------------------------------------------------------------------------

Report RTL Partitions: 
+-+--------------+------------+----------+
| |RTL Partition |Replication |Instances |
+-+--------------+------------+----------+
+-+--------------+------------+----------+
---------------------------------------------------------------------------------
Start Applying XDC Timing Constraints
---------------------------------------------------------------------------------
---------------------------------------------------------------------------------
Finished Applying XDC Timing Constraints : Time (s): cpu = 00:00:23 ; elapsed = 00:00:39 . Memory (MB): peak = 967.699 ; gain = 385.027
---------------------------------------------------------------------------------
---------------------------------------------------------------------------------
Start Timing Optimization
---------------------------------------------------------------------------------
---------------------------------------------------------------------------------
Finished Timing Optimization : Time (s): cpu = 00:00:23 ; elapsed = 00:00:39 . Memory (MB): peak = 967.699 ; gain = 385.027
---------------------------------------------------------------------------------

Report RTL Partitions: 
+-+--------------+------------+----------+
| |RTL Partition |Replication |Instances |
+-+--------------+------------+----------+
+-+--------------+------------+----------+
---------------------------------------------------------------------------------
Start Technology Mapping
---------------------------------------------------------------------------------
---------------------------------------------------------------------------------
Finished Technology Mapping : Time (s): cpu = 00:00:23 ; elapsed = 00:00:39 . Memory (MB): peak = 975.844 ; gain = 393.172
---------------------------------------------------------------------------------

Report RTL Partitions: 
+-+--------------+------------+----------+
| |RTL Partition |Replication |Instances |
+-+--------------+------------+----------+
+-+--------------+------------+----------+
---------------------------------------------------------------------------------
Start IO Insertion
---------------------------------------------------------------------------------
---------------------------------------------------------------------------------
Start Flattening Before IO Insertion
---------------------------------------------------------------------------------
---------------------------------------------------------------------------------
Finished Flattening Before IO Insertion
---------------------------------------------------------------------------------
---------------------------------------------------------------------------------
Start Final Netlist Cleanup
---------------------------------------------------------------------------------
---------------------------------------------------------------------------------
Finished Final Netlist Cleanup
---------------------------------------------------------------------------------
---------------------------------------------------------------------------------
Finished IO Insertion : Time (s): cpu = 00:00:28 ; elapsed = 00:00:44 . Memory (MB): peak = 991.613 ; gain = 408.941
---------------------------------------------------------------------------------
---------------------------------------------------------------------------------
Start Renaming Generated Instances
---------------------------------------------------------------------------------
---------------------------------------------------------------------------------
Finished Renaming Generated Instances : Time (s): cpu = 00:00:28 ; elapsed = 00:00:44 . Memory (MB): peak = 991.613 ; gain = 408.941
---------------------------------------------------------------------------------

Report RTL Partitions: 
+-+--------------+------------+----------+
| |RTL Partition |Replication |Instances |
+-+--------------+------------+----------+
+-+--------------+------------+----------+

Report Check Netlist: 
+------+------------------+-------+---------+-------+------------------+
|      |Item              |Errors |Warnings |Status |Description       |
+------+------------------+-------+---------+-------+------------------+
|1     |multi_driven_nets |      0|        0|Passed |Multi driven nets |
+------+------------------+-------+---------+-------+------------------+
---------------------------------------------------------------------------------
Start Rebuilding User Hierarchy
---------------------------------------------------------------------------------
---------------------------------------------------------------------------------
Finished Rebuilding User Hierarchy : Time (s): cpu = 00:00:28 ; elapsed = 00:00:44 . Memory (MB): peak = 991.613 ; gain = 408.941
---------------------------------------------------------------------------------
---------------------------------------------------------------------------------
Start Renaming Generated Ports
---------------------------------------------------------------------------------
---------------------------------------------------------------------------------
Finished Renaming Generated Ports : Time (s): cpu = 00:00:28 ; elapsed = 00:00:44 . Memory (MB): peak = 991.613 ; gain = 408.941
---------------------------------------------------------------------------------
---------------------------------------------------------------------------------
Start Handling Custom Attributes
---------------------------------------------------------------------------------
---------------------------------------------------------------------------------
Finished Handling Custom Attributes : Time (s): cpu = 00:00:28 ; elapsed = 00:00:44 . Memory (MB): peak = 991.613 ; gain = 408.941
---------------------------------------------------------------------------------
---------------------------------------------------------------------------------
Start Renaming Generated Nets
---------------------------------------------------------------------------------
---------------------------------------------------------------------------------
Finished Renaming Generated Nets : Time (s): cpu = 00:00:28 ; elapsed = 00:00:44 . Memory (MB): peak = 991.613 ; gain = 408.941
---------------------------------------------------------------------------------
---------------------------------------------------------------------------------
Start Writing Synthesis Report
---------------------------------------------------------------------------------

Report BlackBoxes: 
+-+--------------+----------+
| |BlackBox name |Instances |
+-+--------------+----------+
+-+--------------+----------+

Report Cell Usage: 
+------+------+------+
|      |Cell  |Count |
+------+------+------+
|1     |LUT5  |     5|
|2     |LUT6  |     2|
|3     |MUXF7 |     1|
|4     |IBUF  |    16|
|5     |OBUF  |     4|
+------+------+------+

Report Instance Areas: 
+------+---------+-------+------+
|      |Instance |Module |Cells |
+------+---------+-------+------+
|1     |top      |       |    28|
+------+---------+-------+------+
---------------------------------------------------------------------------------
Finished Writing Synthesis Report : Time (s): cpu = 00:00:28 ; elapsed = 00:00:44 . Memory (MB): peak = 991.613 ; gain = 408.941
---------------------------------------------------------------------------------
Synthesis finished with 0 errors, 0 critical warnings and 6 warnings.
Synthesis Optimization Runtime : Time (s): cpu = 00:00:19 ; elapsed = 00:00:36 . Memory (MB): peak = 991.613 ; gain = 331.641
Synthesis Optimization Complete : Time (s): cpu = 00:00:28 ; elapsed = 00:00:44 . Memory (MB): peak = 991.613 ; gain = 408.941
INFO: [Project 1-571] Translating synthesized netlist
Netlist sorting complete. Time (s): cpu = 00:00:00 ; elapsed = 00:00:00 . Memory (MB): peak = 1003.637 ; gain = 0.000
INFO: [Netlist 29-17] Analyzing 1 Unisim elements for replacement
INFO: [Netlist 29-28] Unisim Transformation completed in 0 CPU seconds
INFO: [Project 1-570] Preparing netlist for logic optimization
INFO: [Opt 31-138] Pushed 0 inverter(s) to 0 load pin(s).
Netlist sorting complete. Time (s): cpu = 00:00:00 ; elapsed = 00:00:00 . Memory (MB): peak = 1009.672 ; gain = 0.000
INFO: [Project 1-111] Unisim Transformation Summary:
No Unisim elements were transformed.

INFO: [Common 17-83] Releasing license: Synthesis
33 Infos, 12 Warnings, 1 Critical Warnings and 0 Errors encountered.
synth_design completed successfully
synth_design: Time (s): cpu = 00:00:33 ; elapsed = 00:00:58 . Memory (MB): peak = 1009.672 ; gain = 740.766
Netlist sorting complete. Time (s): cpu = 00:00:00 ; elapsed = 00:00:00 . Memory (MB): peak = 1009.672 ; gain = 0.000
WARNING: [Constraints 18-5210] No constraints selected for write.
Resolution: This message can indicate that there are no constraints for the design, or it can indicate that the used_in flags are set such that the constraints are ignored. This later case is used when running synth_design to not write synthesis constraints to the resulting checkpoint. Instead, project constraints are read when the synthesized design is opened.
INFO: [Common 17-1381] The checkpoint 'C:/Users/itama/Desktop/Architettura dei Sistemi Digitali/Multiplexer/Multiplexer/Multiplexer.runs/synth_1/ConnectionNet.dcp' has been generated.
INFO: [runtcl-4] Executing : report_utilization -file ConnectionNet_utilization_synth.rpt -pb ConnectionNet_utilization_synth.pb
INFO: [Common 17-206] Exiting Vivado at Tue Oct 19 17:49:10 2021...
