#-----------------------------------------------------------
# Vivado v2019.2 (64-bit)
# SW Build 2708876 on Wed Nov  6 21:40:23 MST 2019
# IP Build 2700528 on Thu Nov  7 00:09:20 MST 2019
# Start of session at: Sat Dec 18 15:20:06 2021
# Process ID: 3156
# Current directory: C:/Users/itama/Desktop/Architettura dei Sistemi Digitali/float_adder
# Command line: vivado.exe -gui_launcher_event rodinguilauncherevent3344 C:\Users\itama\Desktop\Architettura dei Sistemi Digitali\float_adder\float_adder.xpr
# Log file: C:/Users/itama/Desktop/Architettura dei Sistemi Digitali/float_adder/vivado.log
# Journal file: C:/Users/itama/Desktop/Architettura dei Sistemi Digitali/float_adder\vivado.jou
#-----------------------------------------------------------
start_gui
open_project {C:/Users/itama/Desktop/Architettura dei Sistemi Digitali/float_adder/float_adder.xpr}
Scanning sources...
Finished scanning sources
INFO: [IP_Flow 19-234] Refreshing IP repositories
INFO: [IP_Flow 19-1704] No user IP repositories specified
INFO: [IP_Flow 19-2313] Loaded Vivado IP repository 'C:/Xilinx/Vivado/2019.2/data/ip'.
open_project: Time (s): cpu = 00:00:17 ; elapsed = 00:00:38 . Memory (MB): peak = 768.887 ; gain = 179.676
update_compile_order -fileset sources_1
import_files -norecurse {{C:/Users/itama/Desktop/Architettura dei Sistemi Digitali/RomOnDisplay/RomOnDisplay.srcs/sources_1/new/clock_filter.vhd} {C:/Users/itama/Desktop/Architettura dei Sistemi Digitali/RomOnDisplay/RomOnDisplay.srcs/sources_1/new/cathodes_manager.vhd} {C:/Users/itama/Desktop/Architettura dei Sistemi Digitali/RomOnDisplay/RomOnDisplay.srcs/sources_1/new/counter_mod8.vhd} {C:/Users/itama/Desktop/Architettura dei Sistemi Digitali/RomOnDisplay/RomOnDisplay.srcs/sources_1/new/Display.vhd} {C:/Users/itama/Desktop/Architettura dei Sistemi Digitali/RomOnDisplay/RomOnDisplay.srcs/sources_1/new/anodes_manager.vhd}}
update_compile_order -fileset sources_1
add_files -fileset constrs_1 -norecurse {{C:/Users/itama/Desktop/Architettura dei Sistemi Digitali/digilent-xdc-master/Nexys-A7-100T-Master.xdc}}
import_files -fileset constrs_1 {{C:/Users/itama/Desktop/Architettura dei Sistemi Digitali/digilent-xdc-master/Nexys-A7-100T-Master.xdc}}
close [ open {C:/Users/itama/Desktop/Architettura dei Sistemi Digitali/float_adder/float_adder.srcs/sources_1/new/Float_Adder_On_Board.vhd} w ]
add_files {{C:/Users/itama/Desktop/Architettura dei Sistemi Digitali/float_adder/float_adder.srcs/sources_1/new/Float_Adder_On_Board.vhd}}
update_compile_order -fileset sources_1
update_compile_order -fileset sources_1
launch_runs impl_1 -to_step write_bitstream -jobs 8
[Sat Dec 18 15:35:05 2021] Launched synth_1...
Run output will be captured here: C:/Users/itama/Desktop/Architettura dei Sistemi Digitali/float_adder/float_adder.runs/synth_1/runme.log
[Sat Dec 18 15:35:06 2021] Launched impl_1...
Run output will be captured here: C:/Users/itama/Desktop/Architettura dei Sistemi Digitali/float_adder/float_adder.runs/impl_1/runme.log
open_hw_manager
open_hw_manager: Time (s): cpu = 00:00:03 ; elapsed = 00:00:09 . Memory (MB): peak = 892.301 ; gain = 0.000
connect_hw_server -allow_non_jtag
INFO: [Labtools 27-2285] Connecting to hw_server url TCP:localhost:3121
INFO: [Labtools 27-2222] Launching hw_server...
INFO: [Labtools 27-2221] Launch Output:

****** Xilinx hw_server v2019.2
  **** Build date : Nov  6 2019 at 22:12:23
    ** Copyright 1986-2019 Xilinx, Inc. All Rights Reserved.


INFO: [Labtools 27-3415] Connecting to cs_server url TCP:localhost:3042
INFO: [Labtools 27-3417] Launching cs_server...
INFO: [Labtools 27-2221] Launch Output:


****** Xilinx cs_server v2019.2.0
  **** Build date : Nov 07 2019-06:28:22
    ** Copyright 2017-2019 Xilinx, Inc. All Rights Reserved.



connect_hw_server: Time (s): cpu = 00:00:01 ; elapsed = 00:00:31 . Memory (MB): peak = 892.301 ; gain = 0.000
open_hw_target
INFO: [Labtoolstcl 44-466] Opening hw_target localhost:3121/xilinx_tcf/Digilent/210292B18096A
open_hw_target: Time (s): cpu = 00:00:06 ; elapsed = 00:00:07 . Memory (MB): peak = 2145.160 ; gain = 1252.859
set_property PROGRAM.FILE {C:/Users/itama/Desktop/Architettura dei Sistemi Digitali/float_adder/float_adder.runs/impl_1/Float_Adder_On_Board.bit} [get_hw_devices xc7a100t_0]
current_hw_device [get_hw_devices xc7a100t_0]
refresh_hw_device -update_hw_probes false [lindex [get_hw_devices xc7a100t_0] 0]
INFO: [Labtools 27-1434] Device xc7a100t (JTAG device index = 0) is programmed with a design that has no supported debug core(s) in it.
set_property PROBES.FILE {} [get_hw_devices xc7a100t_0]
set_property FULL_PROBES.FILE {} [get_hw_devices xc7a100t_0]
set_property PROGRAM.FILE {C:/Users/itama/Desktop/Architettura dei Sistemi Digitali/float_adder/float_adder.runs/impl_1/Float_Adder_On_Board.bit} [get_hw_devices xc7a100t_0]
program_hw_devices [get_hw_devices xc7a100t_0]
INFO: [Labtools 27-3164] End of startup status: HIGH
refresh_hw_device [lindex [get_hw_devices xc7a100t_0] 0]
INFO: [Labtools 27-1434] Device xc7a100t (JTAG device index = 0) is programmed with a design that has no supported debug core(s) in it.
reset_run synth_1
launch_runs impl_1 -to_step write_bitstream -jobs 8
[Sat Dec 18 15:48:45 2021] Launched synth_1...
Run output will be captured here: C:/Users/itama/Desktop/Architettura dei Sistemi Digitali/float_adder/float_adder.runs/synth_1/runme.log
[Sat Dec 18 15:48:45 2021] Launched impl_1...
Run output will be captured here: C:/Users/itama/Desktop/Architettura dei Sistemi Digitali/float_adder/float_adder.runs/impl_1/runme.log
set_property PROBES.FILE {} [get_hw_devices xc7a100t_0]
set_property FULL_PROBES.FILE {} [get_hw_devices xc7a100t_0]
set_property PROGRAM.FILE {C:/Users/itama/Desktop/Architettura dei Sistemi Digitali/float_adder/float_adder.runs/impl_1/Float_Adder_On_Board.bit} [get_hw_devices xc7a100t_0]
program_hw_devices [get_hw_devices xc7a100t_0]
INFO: [Labtools 27-3164] End of startup status: HIGH
refresh_hw_device [lindex [get_hw_devices xc7a100t_0] 0]
INFO: [Labtools 27-1434] Device xc7a100t (JTAG device index = 0) is programmed with a design that has no supported debug core(s) in it.
close_hw_manager
exit
INFO: [Common 17-206] Exiting Vivado at Sat Dec 18 15:56:30 2021...
