#-----------------------------------------------------------
# Vivado v2019.2 (64-bit)
# SW Build 2708876 on Wed Nov  6 21:40:23 MST 2019
# IP Build 2700528 on Thu Nov  7 00:09:20 MST 2019
# Start of session at: Tue Dec 14 20:13:50 2021
# Process ID: 17252
# Current directory: C:/Users/itama/Desktop/Architettura dei Sistemi Digitali/float_adder
# Command line: vivado.exe -gui_launcher_event rodinguilauncherevent14744 C:\Users\itama\Desktop\Architettura dei Sistemi Digitali\float_adder\float_adder.xpr
# Log file: C:/Users/itama/Desktop/Architettura dei Sistemi Digitali/float_adder/vivado.log
# Journal file: C:/Users/itama/Desktop/Architettura dei Sistemi Digitali/float_adder\vivado.jou
#-----------------------------------------------------------
start_gui
open_project {C:/Users/itama/Desktop/Architettura dei Sistemi Digitali/float_adder/float_adder.xpr}
INFO: [Project 1-313] Project file moved from 'C:/Users/franc/Desktop/float_adder' since last save.
Scanning sources...
Finished scanning sources
INFO: [IP_Flow 19-234] Refreshing IP repositories
INFO: [IP_Flow 19-1704] No user IP repositories specified
INFO: [IP_Flow 19-2313] Loaded Vivado IP repository 'C:/Xilinx/Vivado/2019.2/data/ip'.
open_project: Time (s): cpu = 00:00:16 ; elapsed = 00:00:22 . Memory (MB): peak = 777.605 ; gain = 157.723
update_compile_order -fileset sources_1
close [ open {C:/Users/itama/Desktop/Architettura dei Sistemi Digitali/float_adder/float_adder.srcs/sources_1/new/ControlUnit.vhd} w ]
add_files {{C:/Users/itama/Desktop/Architettura dei Sistemi Digitali/float_adder/float_adder.srcs/sources_1/new/ControlUnit.vhd}}
update_compile_order -fileset sources_1
close [ open {C:/Users/itama/Desktop/Architettura dei Sistemi Digitali/float_adder/float_adder.srcs/sources_1/new/FloatAdder.vhd} w ]
add_files {{C:/Users/itama/Desktop/Architettura dei Sistemi Digitali/float_adder/float_adder.srcs/sources_1/new/FloatAdder.vhd}}
update_compile_order -fileset sources_1
update_compile_order -fileset sources_1
update_compile_order -fileset sources_1
set_property SOURCE_SET sources_1 [get_filesets sim_1]
close [ open {C:/Users/itama/Desktop/Architettura dei Sistemi Digitali/float_adder/float_adder.srcs/sim_1/new/FloatAdder_TB.vhd} w ]
add_files -fileset sim_1 {{C:/Users/itama/Desktop/Architettura dei Sistemi Digitali/float_adder/float_adder.srcs/sim_1/new/FloatAdder_TB.vhd}}
update_compile_order -fileset sim_1
set_property top FloatAdder_TB [get_filesets sim_1]
set_property top_lib xil_defaultlib [get_filesets sim_1]
WARNING: [filemgmt 56-199] Attempt to get parsing info during refresh. "On-the-fly" syntax checking information may be incorrect. [C:\Users\itama\Desktop\Architettura dei Sistemi Digitali\float_adder\float_adder.srcs\sim_1\new\dp_TB.vhd:]
WARNING: [filemgmt 56-199] Attempt to get parsing info during refresh. "On-the-fly" syntax checking information may be incorrect. [C:\Users\itama\Desktop\Architettura dei Sistemi Digitali\float_adder\float_adder.srcs\sources_1\new\ControlUnit.vhd:]
WARNING: [filemgmt 56-199] Attempt to get parsing info during refresh. "On-the-fly" syntax checking information may be incorrect. [C:\Users\itama\Desktop\Architettura dei Sistemi Digitali\float_adder\float_adder.srcs\sim_1\new\FloatAdder_TB.vhd:]
WARNING: [filemgmt 56-199] Attempt to get parsing info during refresh. "On-the-fly" syntax checking information may be incorrect. [C:\Users\itama\Desktop\Architettura dei Sistemi Digitali\float_adder\float_adder.srcs\sources_1\new\UnitaOperativa.vhd:]
WARNING: [filemgmt 56-199] Attempt to get parsing info during refresh. "On-the-fly" syntax checking information may be incorrect. [C:\Users\itama\Desktop\Architettura dei Sistemi Digitali\float_adder\float_adder.srcs\sources_1\new\FloatAdder.vhd:]
WARNING: [filemgmt 56-199] Attempt to get parsing info during refresh. "On-the-fly" syntax checking information may be incorrect. [C:\Users\itama\Desktop\Architettura dei Sistemi Digitali\float_adder\float_adder.srcs\sim_1\new\dp_TB.vhd:]
WARNING: [filemgmt 56-199] Attempt to get parsing info during refresh. "On-the-fly" syntax checking information may be incorrect. [C:\Users\itama\Desktop\Architettura dei Sistemi Digitali\float_adder\float_adder.srcs\sources_1\new\ControlUnit.vhd:]
WARNING: [filemgmt 56-199] Attempt to get parsing info during refresh. "On-the-fly" syntax checking information may be incorrect. [C:\Users\itama\Desktop\Architettura dei Sistemi Digitali\float_adder\float_adder.srcs\sim_1\new\FloatAdder_TB.vhd:]
WARNING: [filemgmt 56-199] Attempt to get parsing info during refresh. "On-the-fly" syntax checking information may be incorrect. [C:\Users\itama\Desktop\Architettura dei Sistemi Digitali\float_adder\float_adder.srcs\sources_1\new\UnitaOperativa.vhd:]
WARNING: [filemgmt 56-199] Attempt to get parsing info during refresh. "On-the-fly" syntax checking information may be incorrect. [C:\Users\itama\Desktop\Architettura dei Sistemi Digitali\float_adder\float_adder.srcs\sources_1\new\FloatAdder.vhd:]
