#-----------------------------------------------------------
# Vivado v2019.2 (64-bit)
# SW Build 2708876 on Wed Nov  6 21:40:23 MST 2019
# IP Build 2700528 on Thu Nov  7 00:09:20 MST 2019
# Start of session at: Tue Dec 21 15:12:50 2021
# Process ID: 11400
# Current directory: C:/Users/itama/Desktop/Architettura dei Sistemi Digitali/Esercizio 10-Switch multistadio/switch_multistadio
# Command line: vivado.exe -gui_launcher_event rodinguilauncherevent16616 C:\Users\itama\Desktop\Architettura dei Sistemi Digitali\Esercizio 10-Switch multistadio\switch_multistadio\switch_multistadio.xpr
# Log file: C:/Users/itama/Desktop/Architettura dei Sistemi Digitali/Esercizio 10-Switch multistadio/switch_multistadio/vivado.log
# Journal file: C:/Users/itama/Desktop/Architettura dei Sistemi Digitali/Esercizio 10-Switch multistadio/switch_multistadio\vivado.jou
#-----------------------------------------------------------
start_gui
open_project {C:/Users/itama/Desktop/Architettura dei Sistemi Digitali/Esercizio 10-Switch multistadio/switch_multistadio/switch_multistadio.xpr}
INFO: [ProjectBase 1-489] The host OS only allows 260 characters in a normal path. The project is stored in a path with more than 80 characters. If you experience issues with IP, Block Designs, or files not being found, please consider moving the project to a location with a shorter path. Alternately consider using the OS subst command to map part of the path to a drive letter.
Current project path is 'C:/Users/itama/Desktop/Architettura dei Sistemi Digitali/Esercizio 10-Switch multistadio/switch_multistadio'
Scanning sources...
Finished scanning sources
INFO: [IP_Flow 19-234] Refreshing IP repositories
INFO: [IP_Flow 19-1704] No user IP repositories specified
INFO: [IP_Flow 19-2313] Loaded Vivado IP repository 'C:/Xilinx/Vivado/2019.2/data/ip'.
open_project: Time (s): cpu = 00:00:19 ; elapsed = 00:00:09 . Memory (MB): peak = 812.430 ; gain = 146.664
update_compile_order -fileset sources_1
exit
INFO: [Common 17-206] Exiting Vivado at Tue Dec 21 15:42:26 2021...
