Vivado Simulator 2019.2
Copyright 1986-1999, 2001-2019 Xilinx, Inc. All Rights Reserved.
Running: C:/Xilinx/Vivado/2019.2/bin/unwrapped/win64.o/xelab.exe -wto 21f4d3500390448fb577d74bd53473f3 --incr --debug typical --relax --mt 2 -L xil_defaultlib -L secureip --snapshot SistemaHandshaking_TB_behav xil_defaultlib.SistemaHandshaking_TB -log elaborate.log 
Using 2 slave threads.
Starting static elaboration
Completed static elaboration
Starting simulation data flow analysis
Completed simulation data flow analysis
Time Resolution for simulation is 1ps
Compiling package std.standard
Compiling package std.textio
Compiling package ieee.std_logic_1164
Compiling package ieee.numeric_std
Compiling package ieee.math_real
Compiling package ieee.std_logic_arith
Compiling package ieee.std_logic_unsigned
Compiling architecture behavioral of entity xil_defaultlib.ControlUnit_A [controlunit_a_default]
Compiling architecture behavioral of entity xil_defaultlib.ROM [rom_default]
Compiling architecture behavioral of entity xil_defaultlib.counter [counter_default]
Compiling architecture behavioral of entity xil_defaultlib.registro [\registro(n=16)\]
Compiling architecture structural of entity xil_defaultlib.Datapath_A [datapath_a_default]
Compiling architecture structural of entity xil_defaultlib.NodoA [nodoa_default]
Compiling architecture behavioral of entity xil_defaultlib.adder [adder_default]
Compiling architecture behavioral of entity xil_defaultlib.Memory [memory_default]
Compiling architecture behavioral of entity xil_defaultlib.Multiplexer [\Multiplexer(n=3)\]
Compiling architecture behavioral of entity xil_defaultlib.clock_filter [clock_filter_default]
Compiling architecture behavioral of entity xil_defaultlib.counter_mod8 [counter_mod8_default]
Compiling architecture behavioral of entity xil_defaultlib.cathodes_manager [cathodes_manager_default]
Compiling architecture behavioral of entity xil_defaultlib.anodes_manager [anodes_manager_default]
Compiling architecture structural of entity xil_defaultlib.display_seven_segments [display_seven_segments_default]
Compiling architecture structural of entity xil_defaultlib.Datapath_B [datapath_b_default]
Compiling architecture behavioral of entity xil_defaultlib.ControlUnit_B [controlunit_b_default]
Compiling architecture structural of entity xil_defaultlib.NodoB [nodob_default]
Compiling architecture behavioral of entity xil_defaultlib.counter [\counter(m=2)\]
Compiling architecture behavioral of entity xil_defaultlib.counter [\counter(m=3)\]
Compiling architecture behavioral of entity xil_defaultlib.ButtonDebouncer [\ButtonDebouncer(btn_noise_time=...]
Compiling architecture structural of entity xil_defaultlib.SistemaHandshaking [sistemahandshaking_default]
Compiling architecture behavioral of entity xil_defaultlib.sistemahandshaking_tb
Built simulation snapshot SistemaHandshaking_TB_behav
